<?xml version="1.0" encoding="UTF-8"?>
<testsuite xmlns:xsi="http://www.w3.org/2001/XMLSchema-instance" xsi:noNamespaceSchemaLocation="https://maven.apache.org/surefire/maven-surefire-plugin/xsd/surefire-test-report.xsd" name="example.springdata.cosmosdb.UserRepositoryIntegrationTest" time="2.412" tests="1" errors="1" skipped="0" failures="0">
  <properties>
[...]
</properties>
  <testcase name="testUserRepository" classname="example.springdata.cosmosdb.UserRepositoryIntegrationTest" time="0.006">
    <error message="Failed to load ApplicationContext" type="java.lang.IllegalStateException">java.lang.IllegalStateException: Failed to load ApplicationContext
Caused by: org.springframework.beans.factory.BeanCreationException: Error creating bean with name 'documentClient' defined in example.springdata.cosmosdb.UserRepositoryConfiguration: Bean instantiation via factory method failed; nested exception is org.springframework.beans.BeanInstantiationException: Failed to instantiate [com.microsoft.azure.documentdb.DocumentClient]: Factory method 'documentClient' threw exception; nested exception is java.lang.IllegalArgumentException: Incorrect uri from request.
Caused by: org.springframework.beans.BeanInstantiationException: Failed to instantiate [com.microsoft.azure.documentdb.DocumentClient]: Factory method 'documentClient' threw exception; nested exception is java.lang.IllegalArgumentException: Incorrect uri from request.
Caused by: java.lang.IllegalArgumentException: Incorrect uri from request.
Caused by: java.net.URISyntaxException: Expected scheme-specific part at index 6: https:
</error>
    <system-out><![CDATA[06:25:04.338 [main] DEBUG org.springframework.test.context.junit4.SpringJUnit4ClassRunner - SpringJUnit4ClassRunner constructor called with [class example.springdata.cosmosdb.UserRepositoryIntegrationTest]
06:25:04.343 [main] DEBUG org.springframework.test.context.BootstrapUtils - Instantiating CacheAwareContextLoaderDelegate from class [org.springframework.test.context.cache.DefaultCacheAwareContextLoaderDelegate]
06:25:04.349 [main] DEBUG org.springframework.test.context.BootstrapUtils - Instantiating BootstrapContext using constructor [public org.springframework.test.context.support.DefaultBootstrapContext(java.lang.Class,org.springframework.test.context.CacheAwareContextLoaderDelegate)]
06:25:04.354 [main] DEBUG org.springframework.test.context.BootstrapUtils - Instantiating TestContextBootstrapper for test class [example.springdata.cosmosdb.UserRepositoryIntegrationTest] from class [org.springframework.test.context.support.DefaultTestContextBootstrapper]
06:25:04.375 [main] DEBUG org.springframework.test.context.support.AbstractDelegatingSmartContextLoader - Delegating to AnnotationConfigContextLoader to process context configuration [ContextConfigurationAttributes@51e2adc7 declaringClass = 'example.springdata.cosmosdb.UserRepositoryIntegrationTest', classes = '{class example.springdata.cosmosdb.UserRepositoryConfiguration}', locations = '{}', inheritLocations = true, initializers = '{}', inheritInitializers = true, name = [null], contextLoaderClass = 'org.springframework.test.context.ContextLoader'].
06:25:04.411 [main] DEBUG org.springframework.test.context.support.ActiveProfilesUtils - Could not find an 'annotation declaring class' for annotation type [org.springframework.test.context.ActiveProfiles] and class [example.springdata.cosmosdb.UserRepositoryIntegrationTest]
06:25:04.413 [main] DEBUG org.springframework.test.context.support.DefaultTestContextBootstrapper - @TestExecutionListeners is not present for class [example.springdata.cosmosdb.UserRepositoryIntegrationTest]: using defaults.
06:25:04.413 [main] INFO org.springframework.test.context.support.DefaultTestContextBootstrapper - Loaded default TestExecutionListener class names from location [META-INF/spring.factories]: [org.springframework.boot.test.mock.mockito.MockitoTestExecutionListener, org.springframework.boot.test.mock.mockito.ResetMocksTestExecutionListener, org.springframework.boot.test.autoconfigure.restdocs.RestDocsTestExecutionListener, org.springframework.boot.test.autoconfigure.web.client.MockRestServiceServerResetTestExecutionListener, org.springframework.boot.test.autoconfigure.web.servlet.MockMvcPrintOnlyOnFailureTestExecutionListener, org.springframework.boot.test.autoconfigure.web.servlet.WebDriverTestExecutionListener, org.springframework.test.context.web.ServletTestExecutionListener, org.springframework.test.context.support.DirtiesContextBeforeModesTestExecutionListener, org.springframework.test.context.support.DependencyInjectionTestExecutionListener, org.springframework.test.context.support.DirtiesContextTestExecutionListener, org.springframework.test.context.transaction.TransactionalTestExecutionListener, org.springframework.test.context.jdbc.SqlScriptsTestExecutionListener]
06:25:04.422 [main] DEBUG org.springframework.test.context.support.DefaultTestContextBootstrapper - Skipping candidate TestExecutionListener [org.springframework.test.context.web.ServletTestExecutionListener] due to a missing dependency. Specify custom listener classes or make the default listener classes and their required dependencies available. Offending class: [org/springframework/web/context/request/RequestAttributes]
06:25:04.430 [main] INFO org.springframework.test.context.support.DefaultTestContextBootstrapper - Using TestExecutionListeners: [org.springframework.test.context.support.DirtiesContextBeforeModesTestExecutionListener@31206beb, org.springframework.boot.test.mock.mockito.MockitoTestExecutionListener@3e77a1ed, org.springframework.test.context.support.DependencyInjectionTestExecutionListener@3ffcd140, org.springframework.test.context.support.DirtiesContextTestExecutionListener@23bb8443, org.springframework.test.context.transaction.TransactionalTestExecutionListener@1176dcec, org.springframework.test.context.jdbc.SqlScriptsTestExecutionListener@120d6fe6, org.springframework.boot.test.mock.mockito.ResetMocksTestExecutionListener@4ba2ca36, org.springframework.boot.test.autoconfigure.restdocs.RestDocsTestExecutionListener@3444d69d, org.springframework.boot.test.autoconfigure.web.client.MockRestServiceServerResetTestExecutionListener@1372ed45, org.springframework.boot.test.autoconfigure.web.servlet.MockMvcPrintOnlyOnFailureTestExecutionListener@6a79c292, org.springframework.boot.test.autoconfigure.web.servlet.WebDriverTestExecutionListener@37574691]
06:25:04.431 [main] DEBUG org.springframework.test.annotation.ProfileValueUtils - Retrieved @ProfileValueSourceConfiguration [null] for test class [example.springdata.cosmosdb.UserRepositoryIntegrationTest]
06:25:04.431 [main] DEBUG org.springframework.test.annotation.ProfileValueUtils - Retrieved ProfileValueSource type [class org.springframework.test.annotation.SystemProfileValueSource] for class [example.springdata.cosmosdb.UserRepositoryIntegrationTest]
06:25:04.432 [main] DEBUG org.springframework.test.annotation.ProfileValueUtils - Retrieved @ProfileValueSourceConfiguration [null] for test class [example.springdata.cosmosdb.UserRepositoryIntegrationTest]
06:25:04.432 [main] DEBUG org.springframework.test.annotation.ProfileValueUtils - Retrieved ProfileValueSource type [class org.springframework.test.annotation.SystemProfileValueSource] for class [example.springdata.cosmosdb.UserRepositoryIntegrationTest]
06:25:04.432 [main] DEBUG org.springframework.test.annotation.ProfileValueUtils - Retrieved @ProfileValueSourceConfiguration [null] for test class [example.springdata.cosmosdb.UserRepositoryIntegrationTest]
06:25:04.432 [main] DEBUG org.springframework.test.annotation.ProfileValueUtils - Retrieved ProfileValueSource type [class org.springframework.test.annotation.SystemProfileValueSource] for class [example.springdata.cosmosdb.UserRepositoryIntegrationTest]
06:25:04.434 [main] DEBUG org.springframework.test.context.support.AbstractDirtiesContextTestExecutionListener - Before test class: context [DefaultTestContext@3d3fcdb0 testClass = UserRepositoryIntegrationTest, testInstance = [null], testMethod = [null], testException = [null], mergedContextConfiguration = [MergedContextConfiguration@641147d0 testClass = UserRepositoryIntegrationTest, locations = '{}', classes = '{class example.springdata.cosmosdb.UserRepositoryConfiguration}', contextInitializerClasses = '[]', activeProfiles = '{}', propertySourceLocations = '{}', propertySourceProperties = '{}', contextCustomizers = set[org.springframework.boot.test.context.filter.ExcludeFilterContextCustomizer@365185bd, org.springframework.boot.test.json.DuplicateJsonObjectContextCustomizerFactory$DuplicateJsonObjectContextCustomizer@782663d3, org.springframework.boot.test.mock.mockito.MockitoContextCustomizer@0, org.springframework.boot.test.autoconfigure.properties.PropertyMappingContextCustomizer@0, org.springframework.boot.test.autoconfigure.web.servlet.WebDriverContextCustomizerFactory$Customizer@5fdba6f9], contextLoader = 'org.springframework.test.context.support.DelegatingSmartContextLoader', parent = [null]], attributes = map[[empty]]], class annotated with @DirtiesContext [false] with mode [null].
06:25:04.434 [main] DEBUG org.springframework.test.annotation.ProfileValueUtils - Retrieved @ProfileValueSourceConfiguration [null] for test class [example.springdata.cosmosdb.UserRepositoryIntegrationTest]
06:25:04.434 [main] DEBUG org.springframework.test.annotation.ProfileValueUtils - Retrieved ProfileValueSource type [class org.springframework.test.annotation.SystemProfileValueSource] for class [example.springdata.cosmosdb.UserRepositoryIntegrationTest]
06:25:04.438 [main] DEBUG org.springframework.test.context.support.DependencyInjectionTestExecutionListener - Performing dependency injection for test context [[DefaultTestContext@3d3fcdb0 testClass = UserRepositoryIntegrationTest, testInstance = example.springdata.cosmosdb.UserRepositoryIntegrationTest@3d36e4cd, testMethod = [null], testException = [null], mergedContextConfiguration = [MergedContextConfiguration@641147d0 testClass = UserRepositoryIntegrationTest, locations = '{}', classes = '{class example.springdata.cosmosdb.UserRepositoryConfiguration}', contextInitializerClasses = '[]', activeProfiles = '{}', propertySourceLocations = '{}', propertySourceProperties = '{}', contextCustomizers = set[org.springframework.boot.test.context.filter.ExcludeFilterContextCustomizer@365185bd, org.springframework.boot.test.json.DuplicateJsonObjectContextCustomizerFactory$DuplicateJsonObjectContextCustomizer@782663d3, org.springframework.boot.test.mock.mockito.MockitoContextCustomizer@0, org.springframework.boot.test.autoconfigure.properties.PropertyMappingContextCustomizer@0, org.springframework.boot.test.autoconfigure.web.servlet.WebDriverContextCustomizerFactory$Customizer@5fdba6f9], contextLoader = 'org.springframework.test.context.support.DelegatingSmartContextLoader', parent = [null]], attributes = map[[empty]]]].
06:25:04.439 [main] DEBUG org.springframework.test.context.support.AbstractDelegatingSmartContextLoader - Delegating to AnnotationConfigContextLoader to load context from [MergedContextConfiguration@641147d0 testClass = UserRepositoryIntegrationTest, locations = '{}', classes = '{class example.springdata.cosmosdb.UserRepositoryConfiguration}', contextInitializerClasses = '[]', activeProfiles = '{}', propertySourceLocations = '{}', propertySourceProperties = '{}', contextCustomizers = set[org.springframework.boot.test.context.filter.ExcludeFilterContextCustomizer@365185bd, org.springframework.boot.test.json.DuplicateJsonObjectContextCustomizerFactory$DuplicateJsonObjectContextCustomizer@782663d3, org.springframework.boot.test.mock.mockito.MockitoContextCustomizer@0, org.springframework.boot.test.autoconfigure.properties.PropertyMappingContextCustomizer@0, org.springframework.boot.test.autoconfigure.web.servlet.WebDriverContextCustomizerFactory$Customizer@5fdba6f9], contextLoader = 'org.springframework.test.context.support.DelegatingSmartContextLoader', parent = [null]].
06:25:04.439 [main] DEBUG org.springframework.test.context.support.AbstractGenericContextLoader - Loading ApplicationContext for merged context configuration [[MergedContextConfiguration@641147d0 testClass = UserRepositoryIntegrationTest, locations = '{}', classes = '{class example.springdata.cosmosdb.UserRepositoryConfiguration}', contextInitializerClasses = '[]', activeProfiles = '{}', propertySourceLocations = '{}', propertySourceProperties = '{}', contextCustomizers = set[org.springframework.boot.test.context.filter.ExcludeFilterContextCustomizer@365185bd, org.springframework.boot.test.json.DuplicateJsonObjectContextCustomizerFactory$DuplicateJsonObjectContextCustomizer@782663d3, org.springframework.boot.test.mock.mockito.MockitoContextCustomizer@0, org.springframework.boot.test.autoconfigure.properties.PropertyMappingContextCustomizer@0, org.springframework.boot.test.autoconfigure.web.servlet.WebDriverContextCustomizerFactory$Customizer@5fdba6f9], contextLoader = 'org.springframework.test.context.support.DelegatingSmartContextLoader', parent = [null]]].
06:25:04.472 [main] DEBUG org.springframework.core.env.StandardEnvironment - Adding PropertySource 'systemProperties' with lowest search precedence
06:25:04.472 [main] DEBUG org.springframework.core.env.StandardEnvironment - Adding PropertySource 'systemEnvironment' with lowest search precedence
06:25:04.473 [main] DEBUG org.springframework.core.env.StandardEnvironment - Initialized StandardEnvironment with PropertySources [MapPropertySource@143695640 {name='systemProperties', properties={java.runtime.name=Java(TM) SE Runtime Environment, sun.boot.library.path=/Library/Java/JavaVirtualMachines/jdk1.8.0_144.jdk/Contents/Home/jre/lib, java.vm.version=25.144-b01, user.country.format=IN, gopherProxySet=false, java.vm.vendor=Oracle Corporation, java.vendor.url=http://java.oracle.com/, path.separator=:, java.vm.name=Java HotSpot(TM) 64-Bit Server VM, file.encoding.pkg=sun.io, user.country=US, sun.java.launcher=SUN_STANDARD, sun.os.patch.level=unknown, java.vm.specification.name=Java Virtual Machine Specification, user.dir=/Volumes/GSRIHARI/downloads/spring-data-cosmosdb-master/samplecode/example, java.runtime.version=1.8.0_144-b01, basedir=/Volumes/GSRIHARI/downloads/spring-data-cosmosdb-master/samplecode/example, java.awt.graphicsenv=sun.awt.CGraphicsEnvironment, java.endorsed.dirs=/Library/Java/JavaVirtualMachines/jdk1.8.0_144.jdk/Contents/Home/jre/lib/endorsed, os.arch=x86_64, surefire.real.class.path=/Volumes/GSRIHARI/downloads/spring-data-cosmosdb-master/samplecode/example/target/surefire/surefirebooter8842386021598089436.jar, java.io.tmpdir=/var/folders/m5/6jwh_yfd05g665mkhgmcx5880000gn/T/, line.separator=
, java.vm.specification.vendor=Oracle Corporation, os.name=Mac OS X, sun.jnu.encoding=UTF-8, java.library.path=/Users/nisum/Library/Java/Extensions:/Library/Java/Extensions:/Network/Library/Java/Extensions:/System/Library/Java/Extensions:/usr/lib/java:., surefire.test.class.path=/Volumes/GSRIHARI/downloads/spring-data-cosmosdb-master/samplecode/example/target/test-classes:/Volumes/GSRIHARI/downloads/spring-data-cosmosdb-master/samplecode/example/target/classes:/Users/nisum/.m2/repository/com/microsoft/azure/spring-data-cosmosdb/2.0.4/spring-data-cosmosdb-2.0.4.jar:/Users/nisum/.m2/repository/org/springframework/spring-core/5.0.4.RELEASE/spring-core-5.0.4.RELEASE.jar:/Users/nisum/.m2/repository/org/springframework/spring-jcl/5.0.4.RELEASE/spring-jcl-5.0.4.RELEASE.jar:/Users/nisum/.m2/repository/org/springframework/spring-beans/5.0.4.RELEASE/spring-beans-5.0.4.RELEASE.jar:/Users/nisum/.m2/repository/org/springframework/spring-context/5.0.4.RELEASE/spring-context-5.0.4.RELEASE.jar:/Users/nisum/.m2/repository/org/springframework/spring-aop/5.0.4.RELEASE/spring-aop-5.0.4.RELEASE.jar:/Users/nisum/.m2/repository/org/springframework/spring-tx/5.0.4.RELEASE/spring-tx-5.0.4.RELEASE.jar:/Users/nisum/.m2/repository/org/springframework/data/spring-data-commons/2.0.5.RELEASE/spring-data-commons-2.0.5.RELEASE.jar:/Users/nisum/.m2/repository/org/springframework/spring-expression/5.0.4.RELEASE/spring-expression-5.0.4.RELEASE.jar:/Users/nisum/.m2/repository/com/microsoft/azure/azure-documentdb/1.16.2/azure-documentdb-1.16.2.jar:/Users/nisum/.m2/repository/com/fasterxml/uuid/java-uuid-generator/3.1.4/java-uuid-generator-3.1.4.jar:/Users/nisum/.m2/repository/org/json/json/20140107/json-20140107.jar:/Users/nisum/.m2/repository/org/apache/commons/commons-lang3/3.7/commons-lang3-3.7.jar:/Users/nisum/.m2/repository/org/apache/httpcomponents/httpclient/4.5.5/httpclient-4.5.5.jar:/Users/nisum/.m2/repository/commons-codec/commons-codec/1.11/commons-codec-1.11.jar:/Users/nisum/.m2/repository/org/apache/httpcomponents/httpcore/4.4.9/httpcore-4.4.9.jar:/Users/nisum/.m2/repository/joda-time/joda-time/2.9.9/joda-time-2.9.9.jar:/Users/nisum/.m2/repository/com/fasterxml/jackson/module/jackson-module-parameter-names/2.9.4/jackson-module-parameter-names-2.9.4.jar:/Users/nisum/.m2/repository/com/fasterxml/jackson/core/jackson-core/2.9.4/jackson-core-2.9.4.jar:/Users/nisum/.m2/repository/com/fasterxml/jackson/datatype/jackson-datatype-jdk8/2.9.4/jackson-datatype-jdk8-2.9.4.jar:/Users/nisum/.m2/repository/com/fasterxml/jackson/datatype/jackson-datatype-jsr310/2.9.4/jackson-datatype-jsr310-2.9.4.jar:/Users/nisum/.m2/repository/com/microsoft/azure/applicationinsights-core/2.0.1/applicationinsights-core-2.0.1.jar:/Users/nisum/.m2/repository/eu/infomas/annotation-detector/3.0.5/annotation-detector-3.0.5.jar:/Users/nisum/.m2/repository/commons-io/commons-io/2.6/commons-io-2.6.jar:/Users/nisum/.m2/repository/com/google/guava/guava/20.0/guava-20.0.jar:/Users/nisum/.m2/repository/com/google/code/gson/gson/2.8.2/gson-2.8.2.jar:/Users/nisum/.m2/repository/org/javatuples/javatuples/1.2/javatuples-1.2.jar:/Users/nisum/.m2/repository/org/springframework/boot/spring-boot/2.0.0.RELEASE/spring-boot-2.0.0.RELEASE.jar:/Users/nisum/.m2/repository/org/springframework/boot/spring-boot-starter-data-rest/2.0.0.RELEASE/spring-boot-starter-data-rest-2.0.0.RELEASE.jar:/Users/nisum/.m2/repository/org/springframework/boot/spring-boot-starter/2.0.0.RELEASE/spring-boot-starter-2.0.0.RELEASE.jar:/Users/nisum/.m2/repository/org/springframework/boot/spring-boot-starter-logging/2.0.0.RELEASE/spring-boot-starter-logging-2.0.0.RELEASE.jar:/Users/nisum/.m2/repository/ch/qos/logback/logback-classic/1.2.3/logback-classic-1.2.3.jar:/Users/nisum/.m2/repository/ch/qos/logback/logback-core/1.2.3/logback-core-1.2.3.jar:/Users/nisum/.m2/repository/org/apache/logging/log4j/log4j-to-slf4j/2.10.0/log4j-to-slf4j-2.10.0.jar:/Users/nisum/.m2/repository/org/apache/logging/log4j/log4j-api/2.10.0/log4j-api-2.10.0.jar:/Users/nisum/.m2/repository/org/slf4j/jul-to-slf4j/1.7.25/jul-to-slf4j-1.7.25.jar:/Users/nisum/.m2/repository/javax/annotation/javax.annotation-api/1.3.2/javax.annotation-api-1.3.2.jar:/Users/nisum/.m2/repository/org/yaml/snakeyaml/1.19/snakeyaml-1.19.jar:/Users/nisum/.m2/repository/org/springframework/boot/spring-boot-starter-json/2.0.0.RELEASE/spring-boot-starter-json-2.0.0.RELEASE.jar:/Users/nisum/.m2/repository/org/springframework/spring-web/5.0.4.RELEASE/spring-web-5.0.4.RELEASE.jar:/Users/nisum/.m2/repository/org/springframework/boot/spring-boot-starter-web/2.0.0.RELEASE/spring-boot-starter-web-2.0.0.RELEASE.jar:/Users/nisum/.m2/repository/org/springframework/boot/spring-boot-starter-tomcat/2.0.0.RELEASE/spring-boot-starter-tomcat-2.0.0.RELEASE.jar:/Users/nisum/.m2/repository/org/apache/tomcat/embed/tomcat-embed-core/8.5.28/tomcat-embed-core-8.5.28.jar:/Users/nisum/.m2/repository/org/apache/tomcat/embed/tomcat-embed-el/8.5.28/tomcat-embed-el-8.5.28.jar:/Users/nisum/.m2/repository/org/apache/tomcat/embed/tomcat-embed-websocket/8.5.28/tomcat-embed-websocket-8.5.28.jar:/Users/nisum/.m2/repository/org/hibernate/validator/hibernate-validator/6.0.7.Final/hibernate-validator-6.0.7.Final.jar:/Users/nisum/.m2/repository/javax/validation/validation-api/2.0.1.Final/validation-api-2.0.1.Final.jar:/Users/nisum/.m2/repository/org/jboss/logging/jboss-logging/3.3.2.Final/jboss-logging-3.3.2.Final.jar:/Users/nisum/.m2/repository/com/fasterxml/classmate/1.3.4/classmate-1.3.4.jar:/Users/nisum/.m2/repository/org/springframework/data/spring-data-rest-webmvc/3.0.6.RELEASE/spring-data-rest-webmvc-3.0.6.RELEASE.jar:/Users/nisum/.m2/repository/org/springframework/data/spring-data-rest-core/3.0.5.RELEASE/spring-data-rest-core-3.0.5.RELEASE.jar:/Users/nisum/.m2/repository/org/springframework/hateoas/spring-hateoas/0.24.0.RELEASE/spring-hateoas-0.24.0.RELEASE.jar:/Users/nisum/.m2/repository/org/springframework/plugin/spring-plugin-core/1.2.0.RELEASE/spring-plugin-core-1.2.0.RELEASE.jar:/Users/nisum/.m2/repository/org/atteo/evo-inflector/1.2.2/evo-inflector-1.2.2.jar:/Users/nisum/.m2/repository/org/springframework/spring-webmvc/5.0.4.RELEASE/spring-webmvc-5.0.4.RELEASE.jar:/Users/nisum/.m2/repository/com/fasterxml/jackson/core/jackson-databind/2.9.4/jackson-databind-2.9.4.jar:/Users/nisum/.m2/repository/com/fasterxml/jackson/core/jackson-annotations/2.9.0/jackson-annotations-2.9.0.jar:/Users/nisum/.m2/repository/org/slf4j/slf4j-api/1.7.25/slf4j-api-1.7.25.jar:/Users/nisum/.m2/repository/org/springframework/boot/spring-boot-autoconfigure/2.0.0.RELEASE/spring-boot-autoconfigure-2.0.0.RELEASE.jar:/Users/nisum/.m2/repository/org/springframework/boot/spring-boot-starter-test/2.0.3.RELEASE/spring-boot-starter-test-2.0.3.RELEASE.jar:/Users/nisum/.m2/repository/org/springframework/boot/spring-boot-test/2.0.0.RELEASE/spring-boot-test-2.0.0.RELEASE.jar:/Users/nisum/.m2/repository/org/springframework/boot/spring-boot-test-autoconfigure/2.0.0.RELEASE/spring-boot-test-autoconfigure-2.0.0.RELEASE.jar:/Users/nisum/.m2/repository/com/jayway/jsonpath/json-path/2.4.0/json-path-2.4.0.jar:/Users/nisum/.m2/repository/net/minidev/json-smart/2.3/json-smart-2.3.jar:/Users/nisum/.m2/repository/net/minidev/accessors-smart/1.2/accessors-smart-1.2.jar:/Users/nisum/.m2/repository/org/ow2/asm/asm/5.0.4/asm-5.0.4.jar:/Users/nisum/.m2/repository/junit/junit/4.12/junit-4.12.jar:/Users/nisum/.m2/repository/org/assertj/assertj-core/3.9.1/assertj-core-3.9.1.jar:/Users/nisum/.m2/repository/org/mockito/mockito-core/2.15.0/mockito-core-2.15.0.jar:/Users/nisum/.m2/repository/net/bytebuddy/byte-buddy/1.7.10/byte-buddy-1.7.10.jar:/Users/nisum/.m2/repository/net/bytebuddy/byte-buddy-agent/1.7.10/byte-buddy-agent-1.7.10.jar:/Users/nisum/.m2/repository/org/objenesis/objenesis/2.6/objenesis-2.6.jar:/Users/nisum/.m2/repository/org/hamcrest/hamcrest-core/1.3/hamcrest-core-1.3.jar:/Users/nisum/.m2/repository/org/hamcrest/hamcrest-library/1.3/hamcrest-library-1.3.jar:/Users/nisum/.m2/repository/org/skyscreamer/jsonassert/1.5.0/jsonassert-1.5.0.jar:/Users/nisum/.m2/repository/com/vaadin/external/google/android-json/0.0.20131108.vaadin1/android-json-0.0.20131108.vaadin1.jar:/Users/nisum/.m2/repository/org/springframework/spring-test/5.0.4.RELEASE/spring-test-5.0.4.RELEASE.jar:/Users/nisum/.m2/repository/org/xmlunit/xmlunit-core/2.5.1/xmlunit-core-2.5.1.jar:/Users/nisum/.m2/repository/org/projectlombok/lombok/1.16.20/lombok-1.16.20.jar:, java.specification.name=Java Platform API Specification, java.class.version=52.0, sun.management.compiler=HotSpot 64-Bit Tiered Compilers, os.version=10.12.6, http.nonProxyHosts=local|*.local|169.254/16|*.169.254/16, user.home=/Users/nisum, user.timezone=Asia/Kolkata, java.awt.printerjob=sun.lwawt.macosx.CPrinterJob, file.encoding=UTF-8, java.specification.version=1.8, java.class.path=/Volumes/GSRIHARI/downloads/spring-data-cosmosdb-master/samplecode/example/target/test-classes:/Volumes/GSRIHARI/downloads/spring-data-cosmosdb-master/samplecode/example/target/classes:/Users/nisum/.m2/repository/com/microsoft/azure/spring-data-cosmosdb/2.0.4/spring-data-cosmosdb-2.0.4.jar:/Users/nisum/.m2/repository/org/springframework/spring-core/5.0.4.RELEASE/spring-core-5.0.4.RELEASE.jar:/Users/nisum/.m2/repository/org/springframework/spring-jcl/5.0.4.RELEASE/spring-jcl-5.0.4.RELEASE.jar:/Users/nisum/.m2/repository/org/springframework/spring-beans/5.0.4.RELEASE/spring-beans-5.0.4.RELEASE.jar:/Users/nisum/.m2/repository/org/springframework/spring-context/5.0.4.RELEASE/spring-context-5.0.4.RELEASE.jar:/Users/nisum/.m2/repository/org/springframework/spring-aop/5.0.4.RELEASE/spring-aop-5.0.4.RELEASE.jar:/Users/nisum/.m2/repository/org/springframework/spring-tx/5.0.4.RELEASE/spring-tx-5.0.4.RELEASE.jar:/Users/nisum/.m2/repository/org/springframework/data/spring-data-commons/2.0.5.RELEASE/spring-data-commons-2.0.5.RELEASE.jar:/Users/nisum/.m2/repository/org/springframework/spring-expression/5.0.4.RELEASE/spring-expression-5.0.4.RELEASE.jar:/Users/nisum/.m2/repository/com/microsoft/azure/azure-documentdb/1.16.2/azure-documentdb-1.16.2.jar:/Users/nisum/.m2/repository/com/fasterxml/uuid/java-uuid-generator/3.1.4/java-uuid-generator-3.1.4.jar:/Users/nisum/.m2/repository/org/json/json/20140107/json-20140107.jar:/Users/nisum/.m2/repository/org/apache/commons/commons-lang3/3.7/commons-lang3-3.7.jar:/Users/nisum/.m2/repository/org/apache/httpcomponents/httpclient/4.5.5/httpclient-4.5.5.jar:/Users/nisum/.m2/repository/commons-codec/commons-codec/1.11/commons-codec-1.11.jar:/Users/nisum/.m2/repository/org/apache/httpcomponents/httpcore/4.4.9/httpcore-4.4.9.jar:/Users/nisum/.m2/repository/joda-time/joda-time/2.9.9/joda-time-2.9.9.jar:/Users/nisum/.m2/repository/com/fasterxml/jackson/module/jackson-module-parameter-names/2.9.4/jackson-module-parameter-names-2.9.4.jar:/Users/nisum/.m2/repository/com/fasterxml/jackson/core/jackson-core/2.9.4/jackson-core-2.9.4.jar:/Users/nisum/.m2/repository/com/fasterxml/jackson/datatype/jackson-datatype-jdk8/2.9.4/jackson-datatype-jdk8-2.9.4.jar:/Users/nisum/.m2/repository/com/fasterxml/jackson/datatype/jackson-datatype-jsr310/2.9.4/jackson-datatype-jsr310-2.9.4.jar:/Users/nisum/.m2/repository/com/microsoft/azure/applicationinsights-core/2.0.1/applicationinsights-core-2.0.1.jar:/Users/nisum/.m2/repository/eu/infomas/annotation-detector/3.0.5/annotation-detector-3.0.5.jar:/Users/nisum/.m2/repository/commons-io/commons-io/2.6/commons-io-2.6.jar:/Users/nisum/.m2/repository/com/google/guava/guava/20.0/guava-20.0.jar:/Users/nisum/.m2/repository/com/google/code/gson/gson/2.8.2/gson-2.8.2.jar:/Users/nisum/.m2/repository/org/javatuples/javatuples/1.2/javatuples-1.2.jar:/Users/nisum/.m2/repository/org/springframework/boot/spring-boot/2.0.0.RELEASE/spring-boot-2.0.0.RELEASE.jar:/Users/nisum/.m2/repository/org/springframework/boot/spring-boot-starter-data-rest/2.0.0.RELEASE/spring-boot-starter-data-rest-2.0.0.RELEASE.jar:/Users/nisum/.m2/repository/org/springframework/boot/spring-boot-starter/2.0.0.RELEASE/spring-boot-starter-2.0.0.RELEASE.jar:/Users/nisum/.m2/repository/org/springframework/boot/spring-boot-starter-logging/2.0.0.RELEASE/spring-boot-starter-logging-2.0.0.RELEASE.jar:/Users/nisum/.m2/repository/ch/qos/logback/logback-classic/1.2.3/logback-classic-1.2.3.jar:/Users/nisum/.m2/repository/ch/qos/logback/logback-core/1.2.3/logback-core-1.2.3.jar:/Users/nisum/.m2/repository/org/apache/logging/log4j/log4j-to-slf4j/2.10.0/log4j-to-slf4j-2.10.0.jar:/Users/nisum/.m2/repository/org/apache/logging/log4j/log4j-api/2.10.0/log4j-api-2.10.0.jar:/Users/nisum/.m2/repository/org/slf4j/jul-to-slf4j/1.7.25/jul-to-slf4j-1.7.25.jar:/Users/nisum/.m2/repository/javax/annotation/javax.annotation-api/1.3.2/javax.annotation-api-1.3.2.jar:/Users/nisum/.m2/repository/org/yaml/snakeyaml/1.19/snakeyaml-1.19.jar:/Users/nisum/.m2/repository/org/springframework/boot/spring-boot-starter-json/2.0.0.RELEASE/spring-boot-starter-json-2.0.0.RELEASE.jar:/Users/nisum/.m2/repository/org/springframework/spring-web/5.0.4.RELEASE/spring-web-5.0.4.RELEASE.jar:/Users/nisum/.m2/repository/org/springframework/boot/spring-boot-starter-web/2.0.0.RELEASE/spring-boot-starter-web-2.0.0.RELEASE.jar:/Users/nisum/.m2/repository/org/springframework/boot/spring-boot-starter-tomcat/2.0.0.RELEASE/spring-boot-starter-tomcat-2.0.0.RELEASE.jar:/Users/nisum/.m2/repository/org/apache/tomcat/embed/tomcat-embed-core/8.5.28/tomcat-embed-core-8.5.28.jar:/Users/nisum/.m2/repository/org/apache/tomcat/embed/tomcat-embed-el/8.5.28/tomcat-embed-el-8.5.28.jar:/Users/nisum/.m2/repository/org/apache/tomcat/embed/tomcat-embed-websocket/8.5.28/tomcat-embed-websocket-8.5.28.jar:/Users/nisum/.m2/repository/org/hibernate/validator/hibernate-validator/6.0.7.Final/hibernate-validator-6.0.7.Final.jar:/Users/nisum/.m2/repository/javax/validation/validation-api/2.0.1.Final/validation-api-2.0.1.Final.jar:/Users/nisum/.m2/repository/org/jboss/logging/jboss-logging/3.3.2.Final/jboss-logging-3.3.2.Final.jar:/Users/nisum/.m2/repository/com/fasterxml/classmate/1.3.4/classmate-1.3.4.jar:/Users/nisum/.m2/repository/org/springframework/data/spring-data-rest-webmvc/3.0.6.RELEASE/spring-data-rest-webmvc-3.0.6.RELEASE.jar:/Users/nisum/.m2/repository/org/springframework/data/spring-data-rest-core/3.0.5.RELEASE/spring-data-rest-core-3.0.5.RELEASE.jar:/Users/nisum/.m2/repository/org/springframework/hateoas/spring-hateoas/0.24.0.RELEASE/spring-hateoas-0.24.0.RELEASE.jar:/Users/nisum/.m2/repository/org/springframework/plugin/spring-plugin-core/1.2.0.RELEASE/spring-plugin-core-1.2.0.RELEASE.jar:/Users/nisum/.m2/repository/org/atteo/evo-inflector/1.2.2/evo-inflector-1.2.2.jar:/Users/nisum/.m2/repository/org/springframework/spring-webmvc/5.0.4.RELEASE/spring-webmvc-5.0.4.RELEASE.jar:/Users/nisum/.m2/repository/com/fasterxml/jackson/core/jackson-databind/2.9.4/jackson-databind-2.9.4.jar:/Users/nisum/.m2/repository/com/fasterxml/jackson/core/jackson-annotations/2.9.0/jackson-annotations-2.9.0.jar:/Users/nisum/.m2/repository/org/slf4j/slf4j-api/1.7.25/slf4j-api-1.7.25.jar:/Users/nisum/.m2/repository/org/springframework/boot/spring-boot-autoconfigure/2.0.0.RELEASE/spring-boot-autoconfigure-2.0.0.RELEASE.jar:/Users/nisum/.m2/repository/org/springframework/boot/spring-boot-starter-test/2.0.3.RELEASE/spring-boot-starter-test-2.0.3.RELEASE.jar:/Users/nisum/.m2/repository/org/springframework/boot/spring-boot-test/2.0.0.RELEASE/spring-boot-test-2.0.0.RELEASE.jar:/Users/nisum/.m2/repository/org/springframework/boot/spring-boot-test-autoconfigure/2.0.0.RELEASE/spring-boot-test-autoconfigure-2.0.0.RELEASE.jar:/Users/nisum/.m2/repository/com/jayway/jsonpath/json-path/2.4.0/json-path-2.4.0.jar:/Users/nisum/.m2/repository/net/minidev/json-smart/2.3/json-smart-2.3.jar:/Users/nisum/.m2/repository/net/minidev/accessors-smart/1.2/accessors-smart-1.2.jar:/Users/nisum/.m2/repository/org/ow2/asm/asm/5.0.4/asm-5.0.4.jar:/Users/nisum/.m2/repository/junit/junit/4.12/junit-4.12.jar:/Users/nisum/.m2/repository/org/assertj/assertj-core/3.9.1/assertj-core-3.9.1.jar:/Users/nisum/.m2/repository/org/mockito/mockito-core/2.15.0/mockito-core-2.15.0.jar:/Users/nisum/.m2/repository/net/bytebuddy/byte-buddy/1.7.10/byte-buddy-1.7.10.jar:/Users/nisum/.m2/repository/net/bytebuddy/byte-buddy-agent/1.7.10/byte-buddy-agent-1.7.10.jar:/Users/nisum/.m2/repository/org/objenesis/objenesis/2.6/objenesis-2.6.jar:/Users/nisum/.m2/repository/org/hamcrest/hamcrest-core/1.3/hamcrest-core-1.3.jar:/Users/nisum/.m2/repository/org/hamcrest/hamcrest-library/1.3/hamcrest-library-1.3.jar:/Users/nisum/.m2/repository/org/skyscreamer/jsonassert/1.5.0/jsonassert-1.5.0.jar:/Users/nisum/.m2/repository/com/vaadin/external/google/android-json/0.0.20131108.vaadin1/android-json-0.0.20131108.vaadin1.jar:/Users/nisum/.m2/repository/org/springframework/spring-test/5.0.4.RELEASE/spring-test-5.0.4.RELEASE.jar:/Users/nisum/.m2/repository/org/xmlunit/xmlunit-core/2.5.1/xmlunit-core-2.5.1.jar:/Users/nisum/.m2/repository/org/projectlombok/lombok/1.16.20/lombok-1.16.20.jar:, user.name=nisum, java.vm.specification.version=1.8, sun.java.command=/Volumes/GSRIHARI/downloads/spring-data-cosmosdb-master/samplecode/example/target/surefire/surefirebooter8842386021598089436.jar /Volumes/GSRIHARI/downloads/spring-data-cosmosdb-master/samplecode/example/target/surefire 2018-10-17T06-25-02_471-jvmRun1 surefire2312686811438047894tmp surefire_07769625626468764757tmp, java.home=/Library/Java/JavaVirtualMachines/jdk1.8.0_144.jdk/Contents/Home/jre, sun.arch.data.model=64, user.language=en, java.specification.vendor=Oracle Corporation, awt.toolkit=sun.lwawt.macosx.LWCToolkit, java.vm.info=mixed mode, java.version=1.8.0_144, java.ext.dirs=/Users/nisum/Library/Java/Extensions:/Library/Java/JavaVirtualMachines/jdk1.8.0_144.jdk/Contents/Home/jre/lib/ext:/Library/Java/Extensions:/Network/Library/Java/Extensions:/System/Library/Java/Extensions:/usr/lib/java, sun.boot.class.path=/Library/Java/JavaVirtualMachines/jdk1.8.0_144.jdk/Contents/Home/jre/lib/resources.jar:/Library/Java/JavaVirtualMachines/jdk1.8.0_144.jdk/Contents/Home/jre/lib/rt.jar:/Library/Java/JavaVirtualMachines/jdk1.8.0_144.jdk/Contents/Home/jre/lib/sunrsasign.jar:/Library/Java/JavaVirtualMachines/jdk1.8.0_144.jdk/Contents/Home/jre/lib/jsse.jar:/Library/Java/JavaVirtualMachines/jdk1.8.0_144.jdk/Contents/Home/jre/lib/jce.jar:/Library/Java/JavaVirtualMachines/jdk1.8.0_144.jdk/Contents/Home/jre/lib/charsets.jar:/Library/Java/JavaVirtualMachines/jdk1.8.0_144.jdk/Contents/Home/jre/lib/jfr.jar:/Library/Java/JavaVirtualMachines/jdk1.8.0_144.jdk/Contents/Home/jre/classes, java.vendor=Oracle Corporation, localRepository=/Users/nisum/.m2/repository, file.separator=/, java.vendor.url.bug=http://bugreport.sun.com/bugreport/, sun.io.unicode.encoding=UnicodeBig, sun.cpu.endian=little, socksNonProxyHosts=local|*.local|169.254/16|*.169.254/16, ftp.nonProxyHosts=local|*.local|169.254/16|*.169.254/16, sun.cpu.isalist=}}, SystemEnvironmentPropertySource@2043318969 {name='systemEnvironment', properties={PATH=/usr/bin:/bin:/usr/sbin:/sbin, JAVA_MAIN_CLASS_40466=org.apache.maven.surefire.booter.ForkedBooter, SHELL=/bin/bash, APP_ICON_15636=../Resources/sts.icns, JAVA_STARTED_ON_FIRST_THREAD_15636=1, OLDPWD=/Volumes/GSRIHARI/downloads/spring-data-cosmosdb-master/samplecode/example, JAVA_MAIN_CLASS_40420=org.codehaus.plexus.classworlds.launcher.Launcher, USER=nisum, TMPDIR=/var/folders/m5/6jwh_yfd05g665mkhgmcx5880000gn/T/, SSH_AUTH_SOCK=/private/tmp/com.apple.launchd.AJbLCaRVs5/Listeners, XPC_FLAGS=0x0, __CF_USER_TEXT_ENCODING=0x1F5:0x0:0x0, Apple_PubSub_Socket_Render=/private/tmp/com.apple.launchd.xuFt8p2qcw/Render, LOGNAME=nisum, XPC_SERVICE_NAME=0, PWD=/Volumes/GSRIHARI/downloads/spring-data-cosmosdb-master/samplecode/example, HOME=/Users/nisum, SHLVL=1, _=/Library/Java/JavaVirtualMachines/jdk1.8.0_144.jdk/Contents/Home/jre/bin/java}}]
06:25:04.474 [main] DEBUG org.springframework.test.context.support.AnnotationConfigContextLoader - Registering annotated classes: {class example.springdata.cosmosdb.UserRepositoryConfiguration}
06:25:04.514 [main] WARN org.springframework.boot.test.json.DuplicateJsonObjectContextCustomizerFactory$DuplicateJsonObjectContextCustomizer - 

Found multiple occurrences of org.json.JSONObject on the class path:

	jar:file:/Users/nisum/.m2/repository/org/json/json/20140107/json-20140107.jar!/org/json/JSONObject.class
	jar:file:/Users/nisum/.m2/repository/com/vaadin/external/google/android-json/0.0.20131108.vaadin1/android-json-0.0.20131108.vaadin1.jar!/org/json/JSONObject.class

You may wish to exclude one of them to ensure predictable runtime behavior

06:25:04.521 [main] INFO org.springframework.context.support.GenericApplicationContext - Refreshing org.springframework.context.support.GenericApplicationContext@145eaa29: startup date [Wed Oct 17 06:25:04 IST 2018]; root of context hierarchy
06:25:04.522 [main] DEBUG org.springframework.context.support.GenericApplicationContext - Bean factory for org.springframework.context.support.GenericApplicationContext@145eaa29: org.springframework.beans.factory.support.DefaultListableBeanFactory@76908cc0: defining beans [org.springframework.context.annotation.internalConfigurationAnnotationProcessor,org.springframework.context.annotation.internalAutowiredAnnotationProcessor,org.springframework.context.annotation.internalRequiredAnnotationProcessor,org.springframework.context.annotation.internalCommonAnnotationProcessor,org.springframework.context.event.internalEventListenerProcessor,org.springframework.context.event.internalEventListenerFactory,userRepositoryConfiguration,org.springframework.boot.test.mock.mockito.MockitoPostProcessor$SpyPostProcessor,org.springframework.boot.test.mock.mockito.MockitoPostProcessor]; root of factory hierarchy
06:25:04.537 [main] DEBUG org.springframework.beans.factory.support.DefaultListableBeanFactory - Creating shared instance of singleton bean 'org.springframework.context.annotation.internalConfigurationAnnotationProcessor'
06:25:04.537 [main] DEBUG org.springframework.beans.factory.support.DefaultListableBeanFactory - Creating instance of bean 'org.springframework.context.annotation.internalConfigurationAnnotationProcessor'
06:25:04.551 [main] DEBUG org.springframework.beans.factory.support.DefaultListableBeanFactory - Eagerly caching bean 'org.springframework.context.annotation.internalConfigurationAnnotationProcessor' to allow for resolving potential circular references
06:25:04.552 [main] DEBUG org.springframework.beans.factory.support.DefaultListableBeanFactory - Finished creating instance of bean 'org.springframework.context.annotation.internalConfigurationAnnotationProcessor'
06:25:04.571 [main] DEBUG org.springframework.core.env.StandardEnvironment - Adding PropertySource 'class path resource [application.properties]' with lowest search precedence
06:25:04.625 [main] DEBUG org.springframework.context.annotation.ConfigurationClassBeanDefinitionReader - Registering bean definition for @Bean method example.springdata.cosmosdb.UserRepositoryConfiguration.documentClient()
06:25:04.625 [main] DEBUG org.springframework.context.annotation.ConfigurationClassBeanDefinitionReader - Registering bean definition for @Bean method example.springdata.cosmosdb.UserRepositoryConfiguration.documentDbFactory()
06:25:04.626 [main] DEBUG org.springframework.context.annotation.ConfigurationClassBeanDefinitionReader - Registering bean definition for @Bean method example.springdata.cosmosdb.UserRepositoryConfiguration.documentDbTemplate()
06:25:04.626 [main] DEBUG org.springframework.context.annotation.ConfigurationClassBeanDefinitionReader - Registering bean definition for @Bean method example.springdata.cosmosdb.UserRepositoryConfiguration.mappingDocumentDbConverter()
06:25:04.627 [main] DEBUG org.springframework.context.annotation.ConfigurationClassBeanDefinitionReader - Registering bean definition for @Bean method example.springdata.cosmosdb.UserRepositoryConfiguration.documentDbMappingContext()
06:25:04.627 [main] DEBUG org.springframework.context.annotation.ConfigurationClassBeanDefinitionReader - Registering bean definition for @Bean method example.springdata.cosmosdb.UserRepositoryConfiguration.isNewStrategyFactory()
06:25:04.636 [main] DEBUG org.springframework.core.env.StandardEnvironment - Adding PropertySource 'systemProperties' with lowest search precedence
06:25:04.636 [main] DEBUG org.springframework.core.env.StandardEnvironment - Adding PropertySource 'systemEnvironment' with lowest search precedence
06:25:04.637 [main] DEBUG org.springframework.core.env.StandardEnvironment - Initialized StandardEnvironment with PropertySources [MapPropertySource@1026871825 {name='systemProperties', properties={java.runtime.name=Java(TM) SE Runtime Environment, sun.boot.library.path=/Library/Java/JavaVirtualMachines/jdk1.8.0_144.jdk/Contents/Home/jre/lib, java.vm.version=25.144-b01, user.country.format=IN, gopherProxySet=false, java.vm.vendor=Oracle Corporation, java.vendor.url=http://java.oracle.com/, path.separator=:, java.vm.name=Java HotSpot(TM) 64-Bit Server VM, file.encoding.pkg=sun.io, user.country=US, sun.java.launcher=SUN_STANDARD, sun.os.patch.level=unknown, java.vm.specification.name=Java Virtual Machine Specification, user.dir=/Volumes/GSRIHARI/downloads/spring-data-cosmosdb-master/samplecode/example, java.runtime.version=1.8.0_144-b01, basedir=/Volumes/GSRIHARI/downloads/spring-data-cosmosdb-master/samplecode/example, java.awt.graphicsenv=sun.awt.CGraphicsEnvironment, java.endorsed.dirs=/Library/Java/JavaVirtualMachines/jdk1.8.0_144.jdk/Contents/Home/jre/lib/endorsed, os.arch=x86_64, surefire.real.class.path=/Volumes/GSRIHARI/downloads/spring-data-cosmosdb-master/samplecode/example/target/surefire/surefirebooter8842386021598089436.jar, java.io.tmpdir=/var/folders/m5/6jwh_yfd05g665mkhgmcx5880000gn/T/, line.separator=
, java.vm.specification.vendor=Oracle Corporation, os.name=Mac OS X, sun.jnu.encoding=UTF-8, java.library.path=/Users/nisum/Library/Java/Extensions:/Library/Java/Extensions:/Network/Library/Java/Extensions:/System/Library/Java/Extensions:/usr/lib/java:., surefire.test.class.path=/Volumes/GSRIHARI/downloads/spring-data-cosmosdb-master/samplecode/example/target/test-classes:/Volumes/GSRIHARI/downloads/spring-data-cosmosdb-master/samplecode/example/target/classes:/Users/nisum/.m2/repository/com/microsoft/azure/spring-data-cosmosdb/2.0.4/spring-data-cosmosdb-2.0.4.jar:/Users/nisum/.m2/repository/org/springframework/spring-core/5.0.4.RELEASE/spring-core-5.0.4.RELEASE.jar:/Users/nisum/.m2/repository/org/springframework/spring-jcl/5.0.4.RELEASE/spring-jcl-5.0.4.RELEASE.jar:/Users/nisum/.m2/repository/org/springframework/spring-beans/5.0.4.RELEASE/spring-beans-5.0.4.RELEASE.jar:/Users/nisum/.m2/repository/org/springframework/spring-context/5.0.4.RELEASE/spring-context-5.0.4.RELEASE.jar:/Users/nisum/.m2/repository/org/springframework/spring-aop/5.0.4.RELEASE/spring-aop-5.0.4.RELEASE.jar:/Users/nisum/.m2/repository/org/springframework/spring-tx/5.0.4.RELEASE/spring-tx-5.0.4.RELEASE.jar:/Users/nisum/.m2/repository/org/springframework/data/spring-data-commons/2.0.5.RELEASE/spring-data-commons-2.0.5.RELEASE.jar:/Users/nisum/.m2/repository/org/springframework/spring-expression/5.0.4.RELEASE/spring-expression-5.0.4.RELEASE.jar:/Users/nisum/.m2/repository/com/microsoft/azure/azure-documentdb/1.16.2/azure-documentdb-1.16.2.jar:/Users/nisum/.m2/repository/com/fasterxml/uuid/java-uuid-generator/3.1.4/java-uuid-generator-3.1.4.jar:/Users/nisum/.m2/repository/org/json/json/20140107/json-20140107.jar:/Users/nisum/.m2/repository/org/apache/commons/commons-lang3/3.7/commons-lang3-3.7.jar:/Users/nisum/.m2/repository/org/apache/httpcomponents/httpclient/4.5.5/httpclient-4.5.5.jar:/Users/nisum/.m2/repository/commons-codec/commons-codec/1.11/commons-codec-1.11.jar:/Users/nisum/.m2/repository/org/apache/httpcomponents/httpcore/4.4.9/httpcore-4.4.9.jar:/Users/nisum/.m2/repository/joda-time/joda-time/2.9.9/joda-time-2.9.9.jar:/Users/nisum/.m2/repository/com/fasterxml/jackson/module/jackson-module-parameter-names/2.9.4/jackson-module-parameter-names-2.9.4.jar:/Users/nisum/.m2/repository/com/fasterxml/jackson/core/jackson-core/2.9.4/jackson-core-2.9.4.jar:/Users/nisum/.m2/repository/com/fasterxml/jackson/datatype/jackson-datatype-jdk8/2.9.4/jackson-datatype-jdk8-2.9.4.jar:/Users/nisum/.m2/repository/com/fasterxml/jackson/datatype/jackson-datatype-jsr310/2.9.4/jackson-datatype-jsr310-2.9.4.jar:/Users/nisum/.m2/repository/com/microsoft/azure/applicationinsights-core/2.0.1/applicationinsights-core-2.0.1.jar:/Users/nisum/.m2/repository/eu/infomas/annotation-detector/3.0.5/annotation-detector-3.0.5.jar:/Users/nisum/.m2/repository/commons-io/commons-io/2.6/commons-io-2.6.jar:/Users/nisum/.m2/repository/com/google/guava/guava/20.0/guava-20.0.jar:/Users/nisum/.m2/repository/com/google/code/gson/gson/2.8.2/gson-2.8.2.jar:/Users/nisum/.m2/repository/org/javatuples/javatuples/1.2/javatuples-1.2.jar:/Users/nisum/.m2/repository/org/springframework/boot/spring-boot/2.0.0.RELEASE/spring-boot-2.0.0.RELEASE.jar:/Users/nisum/.m2/repository/org/springframework/boot/spring-boot-starter-data-rest/2.0.0.RELEASE/spring-boot-starter-data-rest-2.0.0.RELEASE.jar:/Users/nisum/.m2/repository/org/springframework/boot/spring-boot-starter/2.0.0.RELEASE/spring-boot-starter-2.0.0.RELEASE.jar:/Users/nisum/.m2/repository/org/springframework/boot/spring-boot-starter-logging/2.0.0.RELEASE/spring-boot-starter-logging-2.0.0.RELEASE.jar:/Users/nisum/.m2/repository/ch/qos/logback/logback-classic/1.2.3/logback-classic-1.2.3.jar:/Users/nisum/.m2/repository/ch/qos/logback/logback-core/1.2.3/logback-core-1.2.3.jar:/Users/nisum/.m2/repository/org/apache/logging/log4j/log4j-to-slf4j/2.10.0/log4j-to-slf4j-2.10.0.jar:/Users/nisum/.m2/repository/org/apache/logging/log4j/log4j-api/2.10.0/log4j-api-2.10.0.jar:/Users/nisum/.m2/repository/org/slf4j/jul-to-slf4j/1.7.25/jul-to-slf4j-1.7.25.jar:/Users/nisum/.m2/repository/javax/annotation/javax.annotation-api/1.3.2/javax.annotation-api-1.3.2.jar:/Users/nisum/.m2/repository/org/yaml/snakeyaml/1.19/snakeyaml-1.19.jar:/Users/nisum/.m2/repository/org/springframework/boot/spring-boot-starter-json/2.0.0.RELEASE/spring-boot-starter-json-2.0.0.RELEASE.jar:/Users/nisum/.m2/repository/org/springframework/spring-web/5.0.4.RELEASE/spring-web-5.0.4.RELEASE.jar:/Users/nisum/.m2/repository/org/springframework/boot/spring-boot-starter-web/2.0.0.RELEASE/spring-boot-starter-web-2.0.0.RELEASE.jar:/Users/nisum/.m2/repository/org/springframework/boot/spring-boot-starter-tomcat/2.0.0.RELEASE/spring-boot-starter-tomcat-2.0.0.RELEASE.jar:/Users/nisum/.m2/repository/org/apache/tomcat/embed/tomcat-embed-core/8.5.28/tomcat-embed-core-8.5.28.jar:/Users/nisum/.m2/repository/org/apache/tomcat/embed/tomcat-embed-el/8.5.28/tomcat-embed-el-8.5.28.jar:/Users/nisum/.m2/repository/org/apache/tomcat/embed/tomcat-embed-websocket/8.5.28/tomcat-embed-websocket-8.5.28.jar:/Users/nisum/.m2/repository/org/hibernate/validator/hibernate-validator/6.0.7.Final/hibernate-validator-6.0.7.Final.jar:/Users/nisum/.m2/repository/javax/validation/validation-api/2.0.1.Final/validation-api-2.0.1.Final.jar:/Users/nisum/.m2/repository/org/jboss/logging/jboss-logging/3.3.2.Final/jboss-logging-3.3.2.Final.jar:/Users/nisum/.m2/repository/com/fasterxml/classmate/1.3.4/classmate-1.3.4.jar:/Users/nisum/.m2/repository/org/springframework/data/spring-data-rest-webmvc/3.0.6.RELEASE/spring-data-rest-webmvc-3.0.6.RELEASE.jar:/Users/nisum/.m2/repository/org/springframework/data/spring-data-rest-core/3.0.5.RELEASE/spring-data-rest-core-3.0.5.RELEASE.jar:/Users/nisum/.m2/repository/org/springframework/hateoas/spring-hateoas/0.24.0.RELEASE/spring-hateoas-0.24.0.RELEASE.jar:/Users/nisum/.m2/repository/org/springframework/plugin/spring-plugin-core/1.2.0.RELEASE/spring-plugin-core-1.2.0.RELEASE.jar:/Users/nisum/.m2/repository/org/atteo/evo-inflector/1.2.2/evo-inflector-1.2.2.jar:/Users/nisum/.m2/repository/org/springframework/spring-webmvc/5.0.4.RELEASE/spring-webmvc-5.0.4.RELEASE.jar:/Users/nisum/.m2/repository/com/fasterxml/jackson/core/jackson-databind/2.9.4/jackson-databind-2.9.4.jar:/Users/nisum/.m2/repository/com/fasterxml/jackson/core/jackson-annotations/2.9.0/jackson-annotations-2.9.0.jar:/Users/nisum/.m2/repository/org/slf4j/slf4j-api/1.7.25/slf4j-api-1.7.25.jar:/Users/nisum/.m2/repository/org/springframework/boot/spring-boot-autoconfigure/2.0.0.RELEASE/spring-boot-autoconfigure-2.0.0.RELEASE.jar:/Users/nisum/.m2/repository/org/springframework/boot/spring-boot-starter-test/2.0.3.RELEASE/spring-boot-starter-test-2.0.3.RELEASE.jar:/Users/nisum/.m2/repository/org/springframework/boot/spring-boot-test/2.0.0.RELEASE/spring-boot-test-2.0.0.RELEASE.jar:/Users/nisum/.m2/repository/org/springframework/boot/spring-boot-test-autoconfigure/2.0.0.RELEASE/spring-boot-test-autoconfigure-2.0.0.RELEASE.jar:/Users/nisum/.m2/repository/com/jayway/jsonpath/json-path/2.4.0/json-path-2.4.0.jar:/Users/nisum/.m2/repository/net/minidev/json-smart/2.3/json-smart-2.3.jar:/Users/nisum/.m2/repository/net/minidev/accessors-smart/1.2/accessors-smart-1.2.jar:/Users/nisum/.m2/repository/org/ow2/asm/asm/5.0.4/asm-5.0.4.jar:/Users/nisum/.m2/repository/junit/junit/4.12/junit-4.12.jar:/Users/nisum/.m2/repository/org/assertj/assertj-core/3.9.1/assertj-core-3.9.1.jar:/Users/nisum/.m2/repository/org/mockito/mockito-core/2.15.0/mockito-core-2.15.0.jar:/Users/nisum/.m2/repository/net/bytebuddy/byte-buddy/1.7.10/byte-buddy-1.7.10.jar:/Users/nisum/.m2/repository/net/bytebuddy/byte-buddy-agent/1.7.10/byte-buddy-agent-1.7.10.jar:/Users/nisum/.m2/repository/org/objenesis/objenesis/2.6/objenesis-2.6.jar:/Users/nisum/.m2/repository/org/hamcrest/hamcrest-core/1.3/hamcrest-core-1.3.jar:/Users/nisum/.m2/repository/org/hamcrest/hamcrest-library/1.3/hamcrest-library-1.3.jar:/Users/nisum/.m2/repository/org/skyscreamer/jsonassert/1.5.0/jsonassert-1.5.0.jar:/Users/nisum/.m2/repository/com/vaadin/external/google/android-json/0.0.20131108.vaadin1/android-json-0.0.20131108.vaadin1.jar:/Users/nisum/.m2/repository/org/springframework/spring-test/5.0.4.RELEASE/spring-test-5.0.4.RELEASE.jar:/Users/nisum/.m2/repository/org/xmlunit/xmlunit-core/2.5.1/xmlunit-core-2.5.1.jar:/Users/nisum/.m2/repository/org/projectlombok/lombok/1.16.20/lombok-1.16.20.jar:, java.specification.name=Java Platform API Specification, java.class.version=52.0, sun.management.compiler=HotSpot 64-Bit Tiered Compilers, os.version=10.12.6, http.nonProxyHosts=local|*.local|169.254/16|*.169.254/16, user.home=/Users/nisum, user.timezone=Asia/Kolkata, java.awt.printerjob=sun.lwawt.macosx.CPrinterJob, file.encoding=UTF-8, java.specification.version=1.8, java.class.path=/Volumes/GSRIHARI/downloads/spring-data-cosmosdb-master/samplecode/example/target/test-classes:/Volumes/GSRIHARI/downloads/spring-data-cosmosdb-master/samplecode/example/target/classes:/Users/nisum/.m2/repository/com/microsoft/azure/spring-data-cosmosdb/2.0.4/spring-data-cosmosdb-2.0.4.jar:/Users/nisum/.m2/repository/org/springframework/spring-core/5.0.4.RELEASE/spring-core-5.0.4.RELEASE.jar:/Users/nisum/.m2/repository/org/springframework/spring-jcl/5.0.4.RELEASE/spring-jcl-5.0.4.RELEASE.jar:/Users/nisum/.m2/repository/org/springframework/spring-beans/5.0.4.RELEASE/spring-beans-5.0.4.RELEASE.jar:/Users/nisum/.m2/repository/org/springframework/spring-context/5.0.4.RELEASE/spring-context-5.0.4.RELEASE.jar:/Users/nisum/.m2/repository/org/springframework/spring-aop/5.0.4.RELEASE/spring-aop-5.0.4.RELEASE.jar:/Users/nisum/.m2/repository/org/springframework/spring-tx/5.0.4.RELEASE/spring-tx-5.0.4.RELEASE.jar:/Users/nisum/.m2/repository/org/springframework/data/spring-data-commons/2.0.5.RELEASE/spring-data-commons-2.0.5.RELEASE.jar:/Users/nisum/.m2/repository/org/springframework/spring-expression/5.0.4.RELEASE/spring-expression-5.0.4.RELEASE.jar:/Users/nisum/.m2/repository/com/microsoft/azure/azure-documentdb/1.16.2/azure-documentdb-1.16.2.jar:/Users/nisum/.m2/repository/com/fasterxml/uuid/java-uuid-generator/3.1.4/java-uuid-generator-3.1.4.jar:/Users/nisum/.m2/repository/org/json/json/20140107/json-20140107.jar:/Users/nisum/.m2/repository/org/apache/commons/commons-lang3/3.7/commons-lang3-3.7.jar:/Users/nisum/.m2/repository/org/apache/httpcomponents/httpclient/4.5.5/httpclient-4.5.5.jar:/Users/nisum/.m2/repository/commons-codec/commons-codec/1.11/commons-codec-1.11.jar:/Users/nisum/.m2/repository/org/apache/httpcomponents/httpcore/4.4.9/httpcore-4.4.9.jar:/Users/nisum/.m2/repository/joda-time/joda-time/2.9.9/joda-time-2.9.9.jar:/Users/nisum/.m2/repository/com/fasterxml/jackson/module/jackson-module-parameter-names/2.9.4/jackson-module-parameter-names-2.9.4.jar:/Users/nisum/.m2/repository/com/fasterxml/jackson/core/jackson-core/2.9.4/jackson-core-2.9.4.jar:/Users/nisum/.m2/repository/com/fasterxml/jackson/datatype/jackson-datatype-jdk8/2.9.4/jackson-datatype-jdk8-2.9.4.jar:/Users/nisum/.m2/repository/com/fasterxml/jackson/datatype/jackson-datatype-jsr310/2.9.4/jackson-datatype-jsr310-2.9.4.jar:/Users/nisum/.m2/repository/com/microsoft/azure/applicationinsights-core/2.0.1/applicationinsights-core-2.0.1.jar:/Users/nisum/.m2/repository/eu/infomas/annotation-detector/3.0.5/annotation-detector-3.0.5.jar:/Users/nisum/.m2/repository/commons-io/commons-io/2.6/commons-io-2.6.jar:/Users/nisum/.m2/repository/com/google/guava/guava/20.0/guava-20.0.jar:/Users/nisum/.m2/repository/com/google/code/gson/gson/2.8.2/gson-2.8.2.jar:/Users/nisum/.m2/repository/org/javatuples/javatuples/1.2/javatuples-1.2.jar:/Users/nisum/.m2/repository/org/springframework/boot/spring-boot/2.0.0.RELEASE/spring-boot-2.0.0.RELEASE.jar:/Users/nisum/.m2/repository/org/springframework/boot/spring-boot-starter-data-rest/2.0.0.RELEASE/spring-boot-starter-data-rest-2.0.0.RELEASE.jar:/Users/nisum/.m2/repository/org/springframework/boot/spring-boot-starter/2.0.0.RELEASE/spring-boot-starter-2.0.0.RELEASE.jar:/Users/nisum/.m2/repository/org/springframework/boot/spring-boot-starter-logging/2.0.0.RELEASE/spring-boot-starter-logging-2.0.0.RELEASE.jar:/Users/nisum/.m2/repository/ch/qos/logback/logback-classic/1.2.3/logback-classic-1.2.3.jar:/Users/nisum/.m2/repository/ch/qos/logback/logback-core/1.2.3/logback-core-1.2.3.jar:/Users/nisum/.m2/repository/org/apache/logging/log4j/log4j-to-slf4j/2.10.0/log4j-to-slf4j-2.10.0.jar:/Users/nisum/.m2/repository/org/apache/logging/log4j/log4j-api/2.10.0/log4j-api-2.10.0.jar:/Users/nisum/.m2/repository/org/slf4j/jul-to-slf4j/1.7.25/jul-to-slf4j-1.7.25.jar:/Users/nisum/.m2/repository/javax/annotation/javax.annotation-api/1.3.2/javax.annotation-api-1.3.2.jar:/Users/nisum/.m2/repository/org/yaml/snakeyaml/1.19/snakeyaml-1.19.jar:/Users/nisum/.m2/repository/org/springframework/boot/spring-boot-starter-json/2.0.0.RELEASE/spring-boot-starter-json-2.0.0.RELEASE.jar:/Users/nisum/.m2/repository/org/springframework/spring-web/5.0.4.RELEASE/spring-web-5.0.4.RELEASE.jar:/Users/nisum/.m2/repository/org/springframework/boot/spring-boot-starter-web/2.0.0.RELEASE/spring-boot-starter-web-2.0.0.RELEASE.jar:/Users/nisum/.m2/repository/org/springframework/boot/spring-boot-starter-tomcat/2.0.0.RELEASE/spring-boot-starter-tomcat-2.0.0.RELEASE.jar:/Users/nisum/.m2/repository/org/apache/tomcat/embed/tomcat-embed-core/8.5.28/tomcat-embed-core-8.5.28.jar:/Users/nisum/.m2/repository/org/apache/tomcat/embed/tomcat-embed-el/8.5.28/tomcat-embed-el-8.5.28.jar:/Users/nisum/.m2/repository/org/apache/tomcat/embed/tomcat-embed-websocket/8.5.28/tomcat-embed-websocket-8.5.28.jar:/Users/nisum/.m2/repository/org/hibernate/validator/hibernate-validator/6.0.7.Final/hibernate-validator-6.0.7.Final.jar:/Users/nisum/.m2/repository/javax/validation/validation-api/2.0.1.Final/validation-api-2.0.1.Final.jar:/Users/nisum/.m2/repository/org/jboss/logging/jboss-logging/3.3.2.Final/jboss-logging-3.3.2.Final.jar:/Users/nisum/.m2/repository/com/fasterxml/classmate/1.3.4/classmate-1.3.4.jar:/Users/nisum/.m2/repository/org/springframework/data/spring-data-rest-webmvc/3.0.6.RELEASE/spring-data-rest-webmvc-3.0.6.RELEASE.jar:/Users/nisum/.m2/repository/org/springframework/data/spring-data-rest-core/3.0.5.RELEASE/spring-data-rest-core-3.0.5.RELEASE.jar:/Users/nisum/.m2/repository/org/springframework/hateoas/spring-hateoas/0.24.0.RELEASE/spring-hateoas-0.24.0.RELEASE.jar:/Users/nisum/.m2/repository/org/springframework/plugin/spring-plugin-core/1.2.0.RELEASE/spring-plugin-core-1.2.0.RELEASE.jar:/Users/nisum/.m2/repository/org/atteo/evo-inflector/1.2.2/evo-inflector-1.2.2.jar:/Users/nisum/.m2/repository/org/springframework/spring-webmvc/5.0.4.RELEASE/spring-webmvc-5.0.4.RELEASE.jar:/Users/nisum/.m2/repository/com/fasterxml/jackson/core/jackson-databind/2.9.4/jackson-databind-2.9.4.jar:/Users/nisum/.m2/repository/com/fasterxml/jackson/core/jackson-annotations/2.9.0/jackson-annotations-2.9.0.jar:/Users/nisum/.m2/repository/org/slf4j/slf4j-api/1.7.25/slf4j-api-1.7.25.jar:/Users/nisum/.m2/repository/org/springframework/boot/spring-boot-autoconfigure/2.0.0.RELEASE/spring-boot-autoconfigure-2.0.0.RELEASE.jar:/Users/nisum/.m2/repository/org/springframework/boot/spring-boot-starter-test/2.0.3.RELEASE/spring-boot-starter-test-2.0.3.RELEASE.jar:/Users/nisum/.m2/repository/org/springframework/boot/spring-boot-test/2.0.0.RELEASE/spring-boot-test-2.0.0.RELEASE.jar:/Users/nisum/.m2/repository/org/springframework/boot/spring-boot-test-autoconfigure/2.0.0.RELEASE/spring-boot-test-autoconfigure-2.0.0.RELEASE.jar:/Users/nisum/.m2/repository/com/jayway/jsonpath/json-path/2.4.0/json-path-2.4.0.jar:/Users/nisum/.m2/repository/net/minidev/json-smart/2.3/json-smart-2.3.jar:/Users/nisum/.m2/repository/net/minidev/accessors-smart/1.2/accessors-smart-1.2.jar:/Users/nisum/.m2/repository/org/ow2/asm/asm/5.0.4/asm-5.0.4.jar:/Users/nisum/.m2/repository/junit/junit/4.12/junit-4.12.jar:/Users/nisum/.m2/repository/org/assertj/assertj-core/3.9.1/assertj-core-3.9.1.jar:/Users/nisum/.m2/repository/org/mockito/mockito-core/2.15.0/mockito-core-2.15.0.jar:/Users/nisum/.m2/repository/net/bytebuddy/byte-buddy/1.7.10/byte-buddy-1.7.10.jar:/Users/nisum/.m2/repository/net/bytebuddy/byte-buddy-agent/1.7.10/byte-buddy-agent-1.7.10.jar:/Users/nisum/.m2/repository/org/objenesis/objenesis/2.6/objenesis-2.6.jar:/Users/nisum/.m2/repository/org/hamcrest/hamcrest-core/1.3/hamcrest-core-1.3.jar:/Users/nisum/.m2/repository/org/hamcrest/hamcrest-library/1.3/hamcrest-library-1.3.jar:/Users/nisum/.m2/repository/org/skyscreamer/jsonassert/1.5.0/jsonassert-1.5.0.jar:/Users/nisum/.m2/repository/com/vaadin/external/google/android-json/0.0.20131108.vaadin1/android-json-0.0.20131108.vaadin1.jar:/Users/nisum/.m2/repository/org/springframework/spring-test/5.0.4.RELEASE/spring-test-5.0.4.RELEASE.jar:/Users/nisum/.m2/repository/org/xmlunit/xmlunit-core/2.5.1/xmlunit-core-2.5.1.jar:/Users/nisum/.m2/repository/org/projectlombok/lombok/1.16.20/lombok-1.16.20.jar:, user.name=nisum, java.vm.specification.version=1.8, sun.java.command=/Volumes/GSRIHARI/downloads/spring-data-cosmosdb-master/samplecode/example/target/surefire/surefirebooter8842386021598089436.jar /Volumes/GSRIHARI/downloads/spring-data-cosmosdb-master/samplecode/example/target/surefire 2018-10-17T06-25-02_471-jvmRun1 surefire2312686811438047894tmp surefire_07769625626468764757tmp, java.home=/Library/Java/JavaVirtualMachines/jdk1.8.0_144.jdk/Contents/Home/jre, sun.arch.data.model=64, user.language=en, java.specification.vendor=Oracle Corporation, awt.toolkit=sun.lwawt.macosx.LWCToolkit, java.vm.info=mixed mode, java.version=1.8.0_144, java.ext.dirs=/Users/nisum/Library/Java/Extensions:/Library/Java/JavaVirtualMachines/jdk1.8.0_144.jdk/Contents/Home/jre/lib/ext:/Library/Java/Extensions:/Network/Library/Java/Extensions:/System/Library/Java/Extensions:/usr/lib/java, sun.boot.class.path=/Library/Java/JavaVirtualMachines/jdk1.8.0_144.jdk/Contents/Home/jre/lib/resources.jar:/Library/Java/JavaVirtualMachines/jdk1.8.0_144.jdk/Contents/Home/jre/lib/rt.jar:/Library/Java/JavaVirtualMachines/jdk1.8.0_144.jdk/Contents/Home/jre/lib/sunrsasign.jar:/Library/Java/JavaVirtualMachines/jdk1.8.0_144.jdk/Contents/Home/jre/lib/jsse.jar:/Library/Java/JavaVirtualMachines/jdk1.8.0_144.jdk/Contents/Home/jre/lib/jce.jar:/Library/Java/JavaVirtualMachines/jdk1.8.0_144.jdk/Contents/Home/jre/lib/charsets.jar:/Library/Java/JavaVirtualMachines/jdk1.8.0_144.jdk/Contents/Home/jre/lib/jfr.jar:/Library/Java/JavaVirtualMachines/jdk1.8.0_144.jdk/Contents/Home/jre/classes, java.vendor=Oracle Corporation, localRepository=/Users/nisum/.m2/repository, file.separator=/, java.vendor.url.bug=http://bugreport.sun.com/bugreport/, sun.io.unicode.encoding=UnicodeBig, sun.cpu.endian=little, socksNonProxyHosts=local|*.local|169.254/16|*.169.254/16, ftp.nonProxyHosts=local|*.local|169.254/16|*.169.254/16, sun.cpu.isalist=}}, SystemEnvironmentPropertySource@2109798150 {name='systemEnvironment', properties={PATH=/usr/bin:/bin:/usr/sbin:/sbin, JAVA_MAIN_CLASS_40466=org.apache.maven.surefire.booter.ForkedBooter, SHELL=/bin/bash, APP_ICON_15636=../Resources/sts.icns, JAVA_STARTED_ON_FIRST_THREAD_15636=1, OLDPWD=/Volumes/GSRIHARI/downloads/spring-data-cosmosdb-master/samplecode/example, JAVA_MAIN_CLASS_40420=org.codehaus.plexus.classworlds.launcher.Launcher, USER=nisum, TMPDIR=/var/folders/m5/6jwh_yfd05g665mkhgmcx5880000gn/T/, SSH_AUTH_SOCK=/private/tmp/com.apple.launchd.AJbLCaRVs5/Listeners, XPC_FLAGS=0x0, __CF_USER_TEXT_ENCODING=0x1F5:0x0:0x0, Apple_PubSub_Socket_Render=/private/tmp/com.apple.launchd.xuFt8p2qcw/Render, LOGNAME=nisum, XPC_SERVICE_NAME=0, PWD=/Volumes/GSRIHARI/downloads/spring-data-cosmosdb-master/samplecode/example, HOME=/Users/nisum, SHLVL=1, _=/Library/Java/JavaVirtualMachines/jdk1.8.0_144.jdk/Contents/Home/jre/bin/java}}]
06:25:04.648 [main] DEBUG org.springframework.core.io.support.PathMatchingResourcePatternResolver - Resolved classpath location [example/springdata/cosmosdb/] to resources [URL [file:/Volumes/GSRIHARI/downloads/spring-data-cosmosdb-master/samplecode/example/target/test-classes/example/springdata/cosmosdb/], URL [file:/Volumes/GSRIHARI/downloads/spring-data-cosmosdb-master/samplecode/example/target/classes/example/springdata/cosmosdb/]]
06:25:04.648 [main] DEBUG org.springframework.core.io.support.PathMatchingResourcePatternResolver - Looking for matching resources in directory tree [/Volumes/GSRIHARI/downloads/spring-data-cosmosdb-master/samplecode/example/target/test-classes/example/springdata/cosmosdb]
06:25:04.648 [main] DEBUG org.springframework.core.io.support.PathMatchingResourcePatternResolver - Searching directory [/Volumes/GSRIHARI/downloads/spring-data-cosmosdb-master/samplecode/example/target/test-classes/example/springdata/cosmosdb] for files matching pattern [/Volumes/GSRIHARI/downloads/spring-data-cosmosdb-master/samplecode/example/target/test-classes/example/springdata/cosmosdb/**/*.class]
06:25:04.651 [main] DEBUG org.springframework.core.io.support.PathMatchingResourcePatternResolver - Looking for matching resources in directory tree [/Volumes/GSRIHARI/downloads/spring-data-cosmosdb-master/samplecode/example/target/classes/example/springdata/cosmosdb]
06:25:04.651 [main] DEBUG org.springframework.core.io.support.PathMatchingResourcePatternResolver - Searching directory [/Volumes/GSRIHARI/downloads/spring-data-cosmosdb-master/samplecode/example/target/classes/example/springdata/cosmosdb] for files matching pattern [/Volumes/GSRIHARI/downloads/spring-data-cosmosdb-master/samplecode/example/target/classes/example/springdata/cosmosdb/**/*.class]
06:25:04.653 [main] DEBUG org.springframework.core.io.support.PathMatchingResourcePatternResolver - Resolved location pattern [classpath*:example/springdata/cosmosdb/**/*.class] to resources [file [/Volumes/GSRIHARI/downloads/spring-data-cosmosdb-master/samplecode/example/target/test-classes/example/springdata/cosmosdb/UserRepositoryIntegrationTest.class], file [/Volumes/GSRIHARI/downloads/spring-data-cosmosdb-master/samplecode/example/target/classes/example/springdata/cosmosdb/Address.class], file [/Volumes/GSRIHARI/downloads/spring-data-cosmosdb-master/samplecode/example/target/classes/example/springdata/cosmosdb/Application.class], file [/Volumes/GSRIHARI/downloads/spring-data-cosmosdb-master/samplecode/example/target/classes/example/springdata/cosmosdb/DocumentDbProperties.class], file [/Volumes/GSRIHARI/downloads/spring-data-cosmosdb-master/samplecode/example/target/classes/example/springdata/cosmosdb/Role.class], file [/Volumes/GSRIHARI/downloads/spring-data-cosmosdb-master/samplecode/example/target/classes/example/springdata/cosmosdb/User.class], file [/Volumes/GSRIHARI/downloads/spring-data-cosmosdb-master/samplecode/example/target/classes/example/springdata/cosmosdb/UserRepository.class], file [/Volumes/GSRIHARI/downloads/spring-data-cosmosdb-master/samplecode/example/target/classes/example/springdata/cosmosdb/UserRepositoryConfiguration.class]]
06:25:04.696 [main] DEBUG org.springframework.data.repository.config.RepositoryComponentProvider - Identified candidate component class: file [/Volumes/GSRIHARI/downloads/spring-data-cosmosdb-master/samplecode/example/target/classes/example/springdata/cosmosdb/UserRepository.class]
06:25:04.731 [main] DEBUG org.springframework.core.io.support.PathMatchingResourcePatternResolver - Resolved classpath location [example/springdata/cosmosdb/] to resources [URL [file:/Volumes/GSRIHARI/downloads/spring-data-cosmosdb-master/samplecode/example/target/test-classes/example/springdata/cosmosdb/], URL [file:/Volumes/GSRIHARI/downloads/spring-data-cosmosdb-master/samplecode/example/target/classes/example/springdata/cosmosdb/]]
06:25:04.731 [main] DEBUG org.springframework.core.io.support.PathMatchingResourcePatternResolver - Looking for matching resources in directory tree [/Volumes/GSRIHARI/downloads/spring-data-cosmosdb-master/samplecode/example/target/test-classes/example/springdata/cosmosdb]
06:25:04.731 [main] DEBUG org.springframework.core.io.support.PathMatchingResourcePatternResolver - Searching directory [/Volumes/GSRIHARI/downloads/spring-data-cosmosdb-master/samplecode/example/target/test-classes/example/springdata/cosmosdb] for files matching pattern [/Volumes/GSRIHARI/downloads/spring-data-cosmosdb-master/samplecode/example/target/test-classes/example/springdata/cosmosdb/**/*UserRepositoryImpl.class]
06:25:04.732 [main] DEBUG org.springframework.core.io.support.PathMatchingResourcePatternResolver - Looking for matching resources in directory tree [/Volumes/GSRIHARI/downloads/spring-data-cosmosdb-master/samplecode/example/target/classes/example/springdata/cosmosdb]
06:25:04.732 [main] DEBUG org.springframework.core.io.support.PathMatchingResourcePatternResolver - Searching directory [/Volumes/GSRIHARI/downloads/spring-data-cosmosdb-master/samplecode/example/target/classes/example/springdata/cosmosdb] for files matching pattern [/Volumes/GSRIHARI/downloads/spring-data-cosmosdb-master/samplecode/example/target/classes/example/springdata/cosmosdb/**/*UserRepositoryImpl.class]
06:25:04.733 [main] DEBUG org.springframework.core.io.support.PathMatchingResourcePatternResolver - Resolved location pattern [classpath*:example/springdata/cosmosdb/**/*UserRepositoryImpl.class] to resources []
06:25:04.745 [main] DEBUG org.springframework.data.repository.config.RepositoryConfigurationDelegate - Spring Data cosmosdb - Registering repository: userRepository - Interface: example.springdata.cosmosdb.UserRepository - Factory: com.microsoft.azure.spring.data.cosmosdb.repository.support.DocumentDbRepositoryFactoryBean
06:25:04.812 [main] DEBUG org.springframework.context.annotation.ConfigurationClassEnhancer - Successfully enhanced example.springdata.cosmosdb.UserRepositoryConfiguration; enhanced class name is: example.springdata.cosmosdb.UserRepositoryConfiguration$$EnhancerBySpringCGLIB$$92e6e0d1
06:25:04.812 [main] DEBUG org.springframework.context.annotation.ConfigurationClassPostProcessor - Replacing bean definition 'userRepositoryConfiguration' existing class 'example.springdata.cosmosdb.UserRepositoryConfiguration' with enhanced class 'example.springdata.cosmosdb.UserRepositoryConfiguration$$EnhancerBySpringCGLIB$$92e6e0d1'
06:25:04.813 [main] DEBUG org.springframework.beans.factory.support.DefaultListableBeanFactory - Creating shared instance of singleton bean 'org.springframework.boot.test.mock.mockito.MockitoPostProcessor'
06:25:04.813 [main] DEBUG org.springframework.beans.factory.support.DefaultListableBeanFactory - Creating instance of bean 'org.springframework.boot.test.mock.mockito.MockitoPostProcessor'
06:25:04.824 [main] DEBUG org.springframework.beans.factory.support.DefaultListableBeanFactory - Eagerly caching bean 'org.springframework.boot.test.mock.mockito.MockitoPostProcessor' to allow for resolving potential circular references
06:25:04.837 [main] DEBUG org.springframework.beans.factory.support.DefaultListableBeanFactory - Finished creating instance of bean 'org.springframework.boot.test.mock.mockito.MockitoPostProcessor'
06:25:04.842 [main] DEBUG org.springframework.beans.factory.support.DefaultListableBeanFactory - Creating shared instance of singleton bean 'org.springframework.boot.context.properties.ConfigurationBeanFactoryMetadata'
06:25:04.842 [main] DEBUG org.springframework.beans.factory.support.DefaultListableBeanFactory - Creating instance of bean 'org.springframework.boot.context.properties.ConfigurationBeanFactoryMetadata'
06:25:04.842 [main] DEBUG org.springframework.beans.factory.support.DefaultListableBeanFactory - Eagerly caching bean 'org.springframework.boot.context.properties.ConfigurationBeanFactoryMetadata' to allow for resolving potential circular references
06:25:04.844 [main] DEBUG org.springframework.beans.factory.support.DefaultListableBeanFactory - Finished creating instance of bean 'org.springframework.boot.context.properties.ConfigurationBeanFactoryMetadata'
06:25:04.846 [main] DEBUG org.springframework.beans.factory.support.DefaultListableBeanFactory - Creating shared instance of singleton bean 'org.springframework.context.annotation.internalAutowiredAnnotationProcessor'
06:25:04.846 [main] DEBUG org.springframework.beans.factory.support.DefaultListableBeanFactory - Creating instance of bean 'org.springframework.context.annotation.internalAutowiredAnnotationProcessor'
06:25:04.846 [main] DEBUG org.springframework.beans.factory.support.DefaultListableBeanFactory - Eagerly caching bean 'org.springframework.context.annotation.internalAutowiredAnnotationProcessor' to allow for resolving potential circular references
06:25:04.849 [main] DEBUG org.springframework.beans.factory.support.DefaultListableBeanFactory - Finished creating instance of bean 'org.springframework.context.annotation.internalAutowiredAnnotationProcessor'
06:25:04.850 [main] DEBUG org.springframework.beans.factory.support.DefaultListableBeanFactory - Creating shared instance of singleton bean 'org.springframework.context.annotation.internalRequiredAnnotationProcessor'
06:25:04.850 [main] DEBUG org.springframework.beans.factory.support.DefaultListableBeanFactory - Creating instance of bean 'org.springframework.context.annotation.internalRequiredAnnotationProcessor'
06:25:04.850 [main] DEBUG org.springframework.beans.factory.support.DefaultListableBeanFactory - Eagerly caching bean 'org.springframework.context.annotation.internalRequiredAnnotationProcessor' to allow for resolving potential circular references
06:25:04.854 [main] DEBUG org.springframework.beans.factory.support.DefaultListableBeanFactory - Finished creating instance of bean 'org.springframework.context.annotation.internalRequiredAnnotationProcessor'
06:25:04.854 [main] DEBUG org.springframework.beans.factory.support.DefaultListableBeanFactory - Creating shared instance of singleton bean 'org.springframework.context.annotation.internalCommonAnnotationProcessor'
06:25:04.854 [main] DEBUG org.springframework.beans.factory.support.DefaultListableBeanFactory - Creating instance of bean 'org.springframework.context.annotation.internalCommonAnnotationProcessor'
06:25:04.856 [main] DEBUG org.springframework.beans.factory.support.DefaultListableBeanFactory - Eagerly caching bean 'org.springframework.context.annotation.internalCommonAnnotationProcessor' to allow for resolving potential circular references
06:25:04.861 [main] DEBUG org.springframework.beans.factory.support.DefaultListableBeanFactory - Finished creating instance of bean 'org.springframework.context.annotation.internalCommonAnnotationProcessor'
06:25:04.861 [main] DEBUG org.springframework.beans.factory.support.DefaultListableBeanFactory - Creating shared instance of singleton bean 'org.springframework.boot.test.mock.mockito.MockitoPostProcessor$SpyPostProcessor'
06:25:04.861 [main] DEBUG org.springframework.beans.factory.support.DefaultListableBeanFactory - Creating instance of bean 'org.springframework.boot.test.mock.mockito.MockitoPostProcessor$SpyPostProcessor'
06:25:04.861 [main] DEBUG org.springframework.beans.factory.support.DefaultListableBeanFactory - Returning cached instance of singleton bean 'org.springframework.boot.test.mock.mockito.MockitoPostProcessor'
06:25:04.861 [main] DEBUG org.springframework.beans.factory.support.DefaultListableBeanFactory - Eagerly caching bean 'org.springframework.boot.test.mock.mockito.MockitoPostProcessor$SpyPostProcessor' to allow for resolving potential circular references
06:25:04.863 [main] DEBUG org.springframework.beans.factory.support.DefaultListableBeanFactory - Finished creating instance of bean 'org.springframework.boot.test.mock.mockito.MockitoPostProcessor$SpyPostProcessor'
06:25:04.863 [main] DEBUG org.springframework.beans.factory.support.DefaultListableBeanFactory - Creating shared instance of singleton bean 'org.springframework.boot.context.properties.ConfigurationPropertiesBindingPostProcessor'
06:25:04.863 [main] DEBUG org.springframework.beans.factory.support.DefaultListableBeanFactory - Creating instance of bean 'org.springframework.boot.context.properties.ConfigurationPropertiesBindingPostProcessor'
06:25:04.863 [main] DEBUG org.springframework.beans.factory.support.DefaultListableBeanFactory - Eagerly caching bean 'org.springframework.boot.context.properties.ConfigurationPropertiesBindingPostProcessor' to allow for resolving potential circular references
06:25:04.865 [main] DEBUG org.springframework.beans.factory.support.DefaultListableBeanFactory - Invoking afterPropertiesSet() on bean with name 'org.springframework.boot.context.properties.ConfigurationPropertiesBindingPostProcessor'
06:25:04.865 [main] DEBUG org.springframework.beans.factory.support.DefaultListableBeanFactory - Returning cached instance of singleton bean 'org.springframework.boot.context.properties.ConfigurationBeanFactoryMetadata'
06:25:04.898 [main] DEBUG org.jboss.logging - Logging Provider: org.jboss.logging.Log4j2LoggerProvider
06:25:04.898 [main] INFO org.hibernate.validator.internal.util.Version - HV000001: Hibernate Validator 6.0.7.Final
06:25:04.904 [main] DEBUG org.hibernate.validator.internal.engine.resolver.TraversableResolvers - Cannot find javax.persistence.Persistence on classpath. Assuming non JPA 2 environment. All properties will per default be traversable.
06:25:04.915 [main] DEBUG org.hibernate.validator.messageinterpolation.ResourceBundleMessageInterpolator - Loaded expression factory via original TCCL
06:25:04.916 [main] DEBUG org.hibernate.validator.internal.engine.resolver.TraversableResolvers - Cannot find javax.persistence.Persistence on classpath. Assuming non JPA 2 environment. All properties will per default be traversable.
06:25:04.919 [main] DEBUG org.hibernate.validator.internal.engine.ConfigurationImpl - Setting custom MessageInterpolator of type org.springframework.validation.beanvalidation.LocaleContextMessageInterpolator
06:25:04.919 [main] DEBUG org.hibernate.validator.internal.engine.ConfigurationImpl - Setting custom ConstraintValidatorFactory of type org.springframework.validation.beanvalidation.SpringConstraintValidatorFactory
06:25:04.920 [main] DEBUG org.hibernate.validator.internal.engine.ConfigurationImpl - Setting custom ParameterNameProvider of type org.springframework.validation.beanvalidation.LocalValidatorFactoryBean$1
06:25:04.922 [main] DEBUG org.hibernate.validator.internal.xml.ValidationXmlParser - Trying to load META-INF/validation.xml for XML based Validator configuration.
06:25:04.923 [main] DEBUG org.hibernate.validator.internal.xml.ResourceLoaderHelper - Trying to load META-INF/validation.xml via user class loader
06:25:04.924 [main] DEBUG org.hibernate.validator.internal.xml.ResourceLoaderHelper - Trying to load META-INF/validation.xml via TCCL
06:25:04.924 [main] DEBUG org.hibernate.validator.internal.xml.ResourceLoaderHelper - Trying to load META-INF/validation.xml via Hibernate Validator's class loader
06:25:04.924 [main] DEBUG org.hibernate.validator.internal.xml.ValidationXmlParser - No META-INF/validation.xml found. Using annotation based configuration only.
06:25:05.037 [main] DEBUG org.hibernate.validator.internal.engine.ValidatorFactoryImpl - HV000234: Using org.springframework.validation.beanvalidation.LocaleContextMessageInterpolator as ValidatorFactory-scoped message interpolator.
06:25:05.037 [main] DEBUG org.hibernate.validator.internal.engine.ValidatorFactoryImpl - HV000234: Using org.hibernate.validator.internal.engine.resolver.TraverseAllTraversableResolver as ValidatorFactory-scoped traversable resolver.
06:25:05.038 [main] DEBUG org.hibernate.validator.internal.engine.ValidatorFactoryImpl - HV000234: Using org.hibernate.validator.internal.util.ExecutableParameterNameProvider as ValidatorFactory-scoped parameter name provider.
06:25:05.038 [main] DEBUG org.hibernate.validator.internal.engine.ValidatorFactoryImpl - HV000234: Using org.hibernate.validator.internal.engine.DefaultClockProvider as ValidatorFactory-scoped clock provider.
06:25:05.038 [main] DEBUG org.hibernate.validator.internal.engine.ValidatorFactoryImpl - HV000234: Using org.hibernate.validator.internal.engine.scripting.DefaultScriptEvaluatorFactory as ValidatorFactory-scoped script evaluator factory.
06:25:05.059 [main] DEBUG org.springframework.beans.factory.support.DefaultListableBeanFactory - Finished creating instance of bean 'org.springframework.boot.context.properties.ConfigurationPropertiesBindingPostProcessor'
06:25:05.059 [main] DEBUG org.springframework.beans.factory.support.DefaultListableBeanFactory - Returning cached instance of singleton bean 'org.springframework.boot.test.mock.mockito.MockitoPostProcessor'
06:25:05.059 [main] DEBUG org.springframework.beans.factory.support.DefaultListableBeanFactory - Returning cached instance of singleton bean 'org.springframework.boot.test.autoconfigure.properties.PropertyMappingContextCustomizer$PropertyMappingCheckBeanPostProcessor'
06:25:05.061 [main] DEBUG org.springframework.context.support.GenericApplicationContext - Unable to locate MessageSource with name 'messageSource': using default [org.springframework.context.support.DelegatingMessageSource@4d9ac0b4]
06:25:05.063 [main] DEBUG org.springframework.context.support.GenericApplicationContext - Unable to locate ApplicationEventMulticaster with name 'applicationEventMulticaster': using default [org.springframework.context.event.SimpleApplicationEventMulticaster@736caf7a]
06:25:05.064 [main] DEBUG org.springframework.beans.factory.support.DefaultListableBeanFactory - Pre-instantiating singletons in org.springframework.beans.factory.support.DefaultListableBeanFactory@76908cc0: defining beans [org.springframework.context.annotation.internalConfigurationAnnotationProcessor,org.springframework.context.annotation.internalAutowiredAnnotationProcessor,org.springframework.context.annotation.internalRequiredAnnotationProcessor,org.springframework.context.annotation.internalCommonAnnotationProcessor,org.springframework.context.event.internalEventListenerProcessor,org.springframework.context.event.internalEventListenerFactory,userRepositoryConfiguration,org.springframework.boot.test.mock.mockito.MockitoPostProcessor$SpyPostProcessor,org.springframework.boot.test.mock.mockito.MockitoPostProcessor,documentClient,documentDbFactory,documentDbTemplate,mappingDocumentDbConverter,documentDbMappingContext,isNewStrategyFactory,com.microsoft.azure.spring.data.cosmosdb.repository.config.DocumentDbRepositoryConfigurationExtension#0,userRepository,azure.cosmosdb-example.springdata.cosmosdb.DocumentDbProperties,org.springframework.boot.context.properties.ConfigurationPropertiesBindingPostProcessor,org.springframework.boot.context.properties.ConfigurationBeanFactoryMetadata]; root of factory hierarchy
06:25:05.064 [main] DEBUG org.springframework.beans.factory.support.DefaultListableBeanFactory - Returning cached instance of singleton bean 'org.springframework.context.annotation.internalConfigurationAnnotationProcessor'
06:25:05.064 [main] DEBUG org.springframework.beans.factory.support.DefaultListableBeanFactory - Returning cached instance of singleton bean 'org.springframework.context.annotation.internalAutowiredAnnotationProcessor'
06:25:05.064 [main] DEBUG org.springframework.beans.factory.support.DefaultListableBeanFactory - Returning cached instance of singleton bean 'org.springframework.context.annotation.internalRequiredAnnotationProcessor'
[...]
06:25:05.064 [main] DEBUG org.springframework.beans.factory.support.DefaultListableBeanFactory - Creating instance of bean 'org.springframework.context.event.internalEventListenerProcessor'
06:25:05.069 [main] DEBUG org.springframework.beans.factory.support.DefaultListableBeanFactory - Eagerly caching bean 'org.springframework.context.event.internalEventListenerProcessor' to allow for resolving potential circular references
06:25:05.071 [main] DEBUG org.springframework.beans.factory.support.DefaultListableBeanFactory - Finished creating instance of bean 'org.springframework.context.event.internalEventListenerProcessor'
06:25:05.072 [main] DEBUG org.springframework.beans.factory.support.DefaultListableBeanFactory - Creating shared instance of singleton bean 'org.springframework.context.event.internalEventListenerFactory'
06:25:05.072 [main] DEBUG org.springframework.beans.factory.support.DefaultListableBeanFactory - Creating instance of bean 'org.springframework.context.event.internalEventListenerFactory'
06:25:05.072 [main] DEBUG org.springframework.beans.factory.support.DefaultListableBeanFactory - Eagerly caching bean 'org.springframework.context.event.internalEventListenerFactory' to allow for resolving potential circular references
06:25:05.075 [main] DEBUG org.springframework.beans.factory.support.DefaultListableBeanFactory - Finished creating instance of bean 'org.springframework.context.event.internalEventListenerFactory'
06:25:05.075 [main] DEBUG org.springframework.beans.factory.support.DefaultListableBeanFactory - Creating shared instance of singleton bean 'userRepositoryConfiguration'
06:25:05.076 [main] DEBUG org.springframework.beans.factory.support.DefaultListableBeanFactory - Creating instance of bean 'userRepositoryConfiguration'
06:25:05.079 [main] DEBUG org.springframework.beans.factory.annotation.InjectionMetadata - Registered injected element on class [example.springdata.cosmosdb.UserRepositoryConfiguration$$EnhancerBySpringCGLIB$$92e6e0d1]: AutowiredFieldElement for private com.fasterxml.jackson.databind.ObjectMapper com.microsoft.azure.spring.data.cosmosdb.config.AbstractDocumentDbConfiguration.objectMapper
06:25:05.079 [main] DEBUG org.springframework.beans.factory.annotation.InjectionMetadata - Registered injected element on class [example.springdata.cosmosdb.UserRepositoryConfiguration$$EnhancerBySpringCGLIB$$92e6e0d1]: AutowiredFieldElement for private example.springdata.cosmosdb.DocumentDbProperties example.springdata.cosmosdb.UserRepositoryConfiguration.properties
06:25:05.079 [main] DEBUG org.springframework.beans.factory.support.DefaultListableBeanFactory - Eagerly caching bean 'userRepositoryConfiguration' to allow for resolving potential circular references
06:25:05.082 [main] DEBUG org.springframework.beans.factory.annotation.InjectionMetadata - Processing injected element of bean 'userRepositoryConfiguration': AutowiredFieldElement for private com.fasterxml.jackson.databind.ObjectMapper com.microsoft.azure.spring.data.cosmosdb.config.AbstractDocumentDbConfiguration.objectMapper
06:25:05.083 [main] DEBUG org.springframework.core.annotation.AnnotationUtils - Failed to meta-introspect annotation [interface org.springframework.beans.factory.annotation.Qualifier]: java.lang.NullPointerException
06:25:05.083 [main] DEBUG org.springframework.core.annotation.AnnotationUtils - Failed to meta-introspect annotation [interface org.springframework.beans.factory.annotation.Autowired]: java.lang.NullPointerException
06:25:05.089 [main] DEBUG org.springframework.beans.factory.annotation.InjectionMetadata - Processing injected element of bean 'userRepositoryConfiguration': AutowiredFieldElement for private example.springdata.cosmosdb.DocumentDbProperties example.springdata.cosmosdb.UserRepositoryConfiguration.properties
06:25:05.089 [main] DEBUG org.springframework.core.annotation.AnnotationUtils - Failed to meta-introspect annotation [interface org.springframework.beans.factory.annotation.Autowired]: java.lang.NullPointerException
06:25:05.090 [main] DEBUG org.springframework.beans.factory.support.DefaultListableBeanFactory - Creating shared instance of singleton bean 'azure.cosmosdb-example.springdata.cosmosdb.DocumentDbProperties'
06:25:05.091 [main] DEBUG org.springframework.beans.factory.support.DefaultListableBeanFactory - Creating instance of bean 'azure.cosmosdb-example.springdata.cosmosdb.DocumentDbProperties'
06:25:05.091 [main] DEBUG org.springframework.beans.factory.support.DefaultListableBeanFactory - Eagerly caching bean 'azure.cosmosdb-example.springdata.cosmosdb.DocumentDbProperties' to allow for resolving potential circular references
06:25:05.099 [main] DEBUG org.springframework.beans.factory.support.DefaultListableBeanFactory - Creating instance of bean 'org.springframework.boot.context.properties.ConversionServiceDeducer$Factory'
06:25:05.102 [main] DEBUG org.springframework.beans.factory.annotation.InjectionMetadata - Registered injected element on class [org.springframework.boot.context.properties.ConversionServiceDeducer$Factory]: AutowiredMethodElement for public void org.springframework.boot.context.properties.ConversionServiceDeducer$Factory.setGenericConverters(java.util.List)
06:25:05.102 [main] DEBUG org.springframework.beans.factory.annotation.InjectionMetadata - Registered injected element on class [org.springframework.boot.context.properties.ConversionServiceDeducer$Factory]: AutowiredMethodElement for public void org.springframework.boot.context.properties.ConversionServiceDeducer$Factory.setConverters(java.util.List)
06:25:05.102 [main] DEBUG org.springframework.beans.factory.annotation.InjectionMetadata - Processing injected element of bean 'org.springframework.boot.context.properties.ConversionServiceDeducer$Factory': AutowiredMethodElement for public void org.springframework.boot.context.properties.ConversionServiceDeducer$Factory.setGenericConverters(java.util.List)
06:25:05.103 [main] DEBUG org.springframework.beans.factory.annotation.InjectionMetadata - Processing injected element of bean 'org.springframework.boot.context.properties.ConversionServiceDeducer$Factory': AutowiredMethodElement for public void org.springframework.boot.context.properties.ConversionServiceDeducer$Factory.setConverters(java.util.List)
06:25:05.104 [main] DEBUG org.springframework.beans.factory.support.DefaultListableBeanFactory - Finished creating instance of bean 'org.springframework.boot.context.properties.ConversionServiceDeducer$Factory'
06:25:05.238 [main] DEBUG org.springframework.beans.factory.support.DefaultListableBeanFactory - Finished creating instance of bean 'azure.cosmosdb-example.springdata.cosmosdb.DocumentDbProperties'
06:25:05.238 [main] DEBUG org.springframework.beans.factory.annotation.AutowiredAnnotationBeanPostProcessor - Autowiring by type from bean name 'userRepositoryConfiguration' to bean named 'azure.cosmosdb-example.springdata.cosmosdb.DocumentDbProperties'
06:25:05.239 [main] DEBUG org.springframework.beans.factory.support.DefaultListableBeanFactory - Finished creating instance of bean 'userRepositoryConfiguration'
06:25:05.239 [main] DEBUG org.springframework.beans.factory.support.DefaultListableBeanFactory - Returning cached instance of singleton bean 'org.springframework.boot.test.mock.mockito.MockitoPostProcessor$SpyPostProcessor'
06:25:05.239 [main] DEBUG org.springframework.beans.factory.support.DefaultListableBeanFactory - Returning cached instance of singleton bean 'org.springframework.boot.test.mock.mockito.MockitoPostProcessor'
06:25:05.239 [main] DEBUG org.springframework.beans.factory.support.DefaultListableBeanFactory - Creating shared instance of singleton bean 'documentClient'
06:25:05.239 [main] DEBUG org.springframework.beans.factory.support.DefaultListableBeanFactory - Creating instance of bean 'documentClient'
06:25:05.239 [main] DEBUG org.springframework.beans.factory.support.DefaultListableBeanFactory - Returning cached instance of singleton bean 'userRepositoryConfiguration'
06:25:06.465 [main] INFO com.microsoft.azure.documentdb.DocumentClient - Initializing DocumentClient with serviceEndpoint [your-cosmosDb-uri], ConnectionPolicy [ConnectionPolicy [requestTimeout=60, mediaRequestTimeout=300, connectionMode=Gateway, mediaReadMode=Buffered, maxPoolSize=800, idleConnectionTimeout=60, userAgentSuffix=, retryOptions=com.microsoft.azure.documentdb.RetryOptions@672d8370, enableEndpointDiscovery=true, preferredLocations=null]], ConsistencyLevel [Session]
06:25:06.595 [main] WARN org.springframework.context.support.GenericApplicationContext - Exception encountered during context initialization - cancelling refresh attempt: org.springframework.beans.factory.BeanCreationException: Error creating bean with name 'documentClient' defined in example.springdata.cosmosdb.UserRepositoryConfiguration: Bean instantiation via factory method failed; nested exception is org.springframework.beans.BeanInstantiationException: Failed to instantiate [com.microsoft.azure.documentdb.DocumentClient]: Factory method 'documentClient' threw exception; nested exception is java.lang.IllegalArgumentException: Incorrect uri from request.
06:25:06.595 [main] DEBUG org.springframework.beans.factory.support.DefaultListableBeanFactory - Destroying singletons in org.springframework.beans.factory.support.DefaultListableBeanFactory@76908cc0: defining beans [org.springframework.context.annotation.internalConfigurationAnnotationProcessor,org.springframework.context.annotation.internalAutowiredAnnotationProcessor,org.springframework.context.annotation.internalRequiredAnnotationProcessor,org.springframework.context.annotation.internalCommonAnnotationProcessor,org.springframework.context.event.internalEventListenerProcessor,org.springframework.context.event.internalEventListenerFactory,userRepositoryConfiguration,org.springframework.boot.test.mock.mockito.MockitoPostProcessor$SpyPostProcessor,org.springframework.boot.test.mock.mockito.MockitoPostProcessor,documentClient,documentDbFactory,documentDbTemplate,mappingDocumentDbConverter,documentDbMappingContext,isNewStrategyFactory,com.microsoft.azure.spring.data.cosmosdb.repository.config.DocumentDbRepositoryConfigurationExtension#0,userRepository,azure.cosmosdb-example.springdata.cosmosdb.DocumentDbProperties,org.springframework.boot.context.properties.ConfigurationPropertiesBindingPostProcessor,org.springframework.boot.context.properties.ConfigurationBeanFactoryMetadata]; root of factory hierarchy
06:25:06.598 [main] ERROR org.springframework.test.context.TestContextManager - Caught exception while allowing TestExecutionListener [org.springframework.test.context.support.DependencyInjectionTestExecutionListener@3ffcd140] to prepare test instance [example.springdata.cosmosdb.UserRepositoryIntegrationTest@3d36e4cd]
java.lang.IllegalStateException: Failed to load ApplicationContext
	at org.springframework.test.context.cache.DefaultCacheAwareContextLoaderDelegate.loadContext(DefaultCacheAwareContextLoaderDelegate.java:125)
	at org.springframework.test.context.support.DefaultTestContext.getApplicationContext(DefaultTestContext.java:107)
	at org.springframework.test.context.support.DependencyInjectionTestExecutionListener.injectDependencies(DependencyInjectionTestExecutionListener.java:117)
	at org.springframework.test.context.support.DependencyInjectionTestExecutionListener.prepareTestInstance(DependencyInjectionTestExecutionListener.java:83)
	at org.springframework.test.context.TestContextManager.prepareTestInstance(TestContextManager.java:242)
	at org.springframework.test.context.junit4.SpringJUnit4ClassRunner.createTest(SpringJUnit4ClassRunner.java:227)
	at org.springframework.test.context.junit4.SpringJUnit4ClassRunner$1.runReflectiveCall(SpringJUnit4ClassRunner.java:289)
	at org.junit.internal.runners.model.ReflectiveCallable.run(ReflectiveCallable.java:12)
	at org.springframework.test.context.junit4.SpringJUnit4ClassRunner.methodBlock(SpringJUnit4ClassRunner.java:291)
	at org.springframework.test.context.junit4.SpringJUnit4ClassRunner.runChild(SpringJUnit4ClassRunner.java:246)
	at org.springframework.test.context.junit4.SpringJUnit4ClassRunner.runChild(SpringJUnit4ClassRunner.java:97)
	at org.junit.runners.ParentRunner$3.run(ParentRunner.java:290)
	at org.junit.runners.ParentRunner$1.schedule(ParentRunner.java:71)
	at org.junit.runners.ParentRunner.runChildren(ParentRunner.java:288)
	at org.junit.runners.ParentRunner.access$000(ParentRunner.java:58)
	at org.junit.runners.ParentRunner$2.evaluate(ParentRunner.java:268)
	at org.springframework.test.context.junit4.statements.RunBeforeTestClassCallbacks.evaluate(RunBeforeTestClassCallbacks.java:61)
	at org.springframework.test.context.junit4.statements.RunAfterTestClassCallbacks.evaluate(RunAfterTestClassCallbacks.java:70)
	at org.junit.runners.ParentRunner.run(ParentRunner.java:363)
	at org.springframework.test.context.junit4.SpringJUnit4ClassRunner.run(SpringJUnit4ClassRunner.java:190)
	at org.apache.maven.surefire.junit4.JUnit4Provider.execute(JUnit4Provider.java:369)
	at org.apache.maven.surefire.junit4.JUnit4Provider.executeWithRerun(JUnit4Provider.java:275)
	at org.apache.maven.surefire.junit4.JUnit4Provider.executeTestSet(JUnit4Provider.java:239)
	at org.apache.maven.surefire.junit4.JUnit4Provider.invoke(JUnit4Provider.java:160)
	at org.apache.maven.surefire.booter.ForkedBooter.invokeProviderInSameClassLoader(ForkedBooter.java:373)
	at org.apache.maven.surefire.booter.ForkedBooter.runSuitesInProcess(ForkedBooter.java:334)
	at org.apache.maven.surefire.booter.ForkedBooter.execute(ForkedBooter.java:119)
	at org.apache.maven.surefire.booter.ForkedBooter.main(ForkedBooter.java:407)
Caused by: org.springframework.beans.factory.BeanCreationException: Error creating bean with name 'documentClient' defined in example.springdata.cosmosdb.UserRepositoryConfiguration: Bean instantiation via factory method failed; nested exception is org.springframework.beans.BeanInstantiationException: Failed to instantiate [com.microsoft.azure.documentdb.DocumentClient]: Factory method 'documentClient' threw exception; nested exception is java.lang.IllegalArgumentException: Incorrect uri from request.
	at org.springframework.beans.factory.support.ConstructorResolver.instantiateUsingFactoryMethod(ConstructorResolver.java:587)
	at org.springframework.beans.factory.support.AbstractAutowireCapableBeanFactory.instantiateUsingFactoryMethod(AbstractAutowireCapableBeanFactory.java:1250)
	at org.springframework.beans.factory.support.AbstractAutowireCapableBeanFactory.createBeanInstance(AbstractAutowireCapableBeanFactory.java:1099)
	at org.springframework.beans.factory.support.AbstractAutowireCapableBeanFactory.doCreateBean(AbstractAutowireCapableBeanFactory.java:545)
	at org.springframework.beans.factory.support.AbstractAutowireCapableBeanFactory.createBean(AbstractAutowireCapableBeanFactory.java:502)
	at org.springframework.beans.factory.support.AbstractBeanFactory.lambda$doGetBean$0(AbstractBeanFactory.java:312)
	at org.springframework.beans.factory.support.DefaultSingletonBeanRegistry.getSingleton(DefaultSingletonBeanRegistry.java:228)
	at org.springframework.beans.factory.support.AbstractBeanFactory.doGetBean(AbstractBeanFactory.java:310)
	at org.springframework.beans.factory.support.AbstractBeanFactory.getBean(AbstractBeanFactory.java:200)
	at org.springframework.beans.factory.support.DefaultListableBeanFactory.preInstantiateSingletons(DefaultListableBeanFactory.java:760)
	at org.springframework.context.support.AbstractApplicationContext.finishBeanFactoryInitialization(AbstractApplicationContext.java:868)
	at org.springframework.context.support.AbstractApplicationContext.refresh(AbstractApplicationContext.java:549)
	at org.springframework.test.context.support.AbstractGenericContextLoader.loadContext(AbstractGenericContextLoader.java:128)
	at org.springframework.test.context.support.AbstractGenericContextLoader.loadContext(AbstractGenericContextLoader.java:60)
	at org.springframework.test.context.support.AbstractDelegatingSmartContextLoader.delegateLoading(AbstractDelegatingSmartContextLoader.java:107)
	at org.springframework.test.context.support.AbstractDelegatingSmartContextLoader.loadContext(AbstractDelegatingSmartContextLoader.java:243)
	at org.springframework.test.context.cache.DefaultCacheAwareContextLoaderDelegate.loadContextInternal(DefaultCacheAwareContextLoaderDelegate.java:99)
	at org.springframework.test.context.cache.DefaultCacheAwareContextLoaderDelegate.loadContext(DefaultCacheAwareContextLoaderDelegate.java:117)
	... 27 common frames omitted
Caused by: org.springframework.beans.BeanInstantiationException: Failed to instantiate [com.microsoft.azure.documentdb.DocumentClient]: Factory method 'documentClient' threw exception; nested exception is java.lang.IllegalArgumentException: Incorrect uri from request.
	at org.springframework.beans.factory.support.SimpleInstantiationStrategy.instantiate(SimpleInstantiationStrategy.java:185)
	at org.springframework.beans.factory.support.ConstructorResolver.instantiateUsingFactoryMethod(ConstructorResolver.java:579)
	... 44 common frames omitted
Caused by: java.lang.IllegalArgumentException: Incorrect uri from request.
	at com.microsoft.azure.documentdb.internal.GatewayProxy.performGetRequest(GatewayProxy.java:231)
	at com.microsoft.azure.documentdb.internal.GatewayProxy.doRead(GatewayProxy.java:93)
	at com.microsoft.azure.documentdb.DocumentClient.getDatabaseAccountFromEndpoint(DocumentClient.java:3163)
	at com.microsoft.azure.documentdb.GlobalEndpointManager$1.getDatabaseAccountFromEndpoint(GlobalEndpointManager.java:61)
	at com.microsoft.azure.documentdb.GlobalEndpointManager.getDatabaseAccountFromAnyEndpoint(GlobalEndpointManager.java:184)
	at com.microsoft.azure.documentdb.DocumentClient.initialize(DocumentClient.java:336)
	at com.microsoft.azure.documentdb.DocumentClient.<init>(DocumentClient.java:237)
	at com.microsoft.azure.documentdb.DocumentClient.<init>(DocumentClient.java:133)
	at com.microsoft.azure.spring.data.cosmosdb.config.AbstractDocumentDbConfiguration.documentClient(AbstractDocumentDbConfiguration.java:33)
	at example.springdata.cosmosdb.UserRepositoryConfiguration$$EnhancerBySpringCGLIB$$92e6e0d1.CGLIB$documentClient$1(<generated>)
	at example.springdata.cosmosdb.UserRepositoryConfiguration$$EnhancerBySpringCGLIB$$92e6e0d1$$FastClassBySpringCGLIB$$eef2a5cd.invoke(<generated>)
	at org.springframework.cglib.proxy.MethodProxy.invokeSuper(MethodProxy.java:228)
	at org.springframework.context.annotation.ConfigurationClassEnhancer$BeanMethodInterceptor.intercept(ConfigurationClassEnhancer.java:361)
	at example.springdata.cosmosdb.UserRepositoryConfiguration$$EnhancerBySpringCGLIB$$92e6e0d1.documentClient(<generated>)
	at sun.reflect.NativeMethodAccessorImpl.invoke0(Native Method)
	at sun.reflect.NativeMethodAccessorImpl.invoke(NativeMethodAccessorImpl.java:62)
	at sun.reflect.DelegatingMethodAccessorImpl.invoke(DelegatingMethodAccessorImpl.java:43)
	at java.lang.reflect.Method.invoke(Method.java:498)
	at org.springframework.beans.factory.support.SimpleInstantiationStrategy.instantiate(SimpleInstantiationStrategy.java:154)
	... 45 common frames omitted
Caused by: java.net.URISyntaxException: Expected scheme-specific part at index 6: https:
	at java.net.URI$Parser.fail(URI.java:2848)
	at java.net.URI$Parser.failExpecting(URI.java:2854)
	at java.net.URI$Parser.parse(URI.java:3057)
	at java.net.URI.<init>(URI.java:673)
	at com.microsoft.azure.documentdb.internal.GatewayProxy.performGetRequest(GatewayProxy.java:227)
	... 63 common frames omitted
]]></system-out>
    <system-err><![CDATA[AI: INFO 17-10-2018 06:25, 1: Configuration file has been successfully found as resource
AI: INFO 17-10-2018 06:25, 1: Configuration file has been successfully found as resource
]]></system-err>
  </testcase>
</testsuite>